resumption of the session 
i declare the session of the european parliament the suspension återupptagen 21 september 2000 . 
approval of the minutes of the previous sitting 
the minutes of the sitting of 21 september have been distributed . 
are there any comments ? 
madam president , i shall leave me to the issue of the minutes . 
a lack of overall underlig närvarolistan in my name . 
i would urge a korrigering and would like to point out that , at the same time passa idag we have been able to us to strasbourg from finland to purely nine hours . 
it is almost personal rekord for me this höst ! 
certainly , mrs thors , we need the right . 
( the minutes were approved ) . 
statement by the president of the situation in the middle east 
dear colleagues , during these last few days have , as you know , jerusalem and other cities in the palestinian territories olyckligtvis satts brand and is already many victims . 
just today helikoptrar bombarderat objectives in gaza and therefore förvärrat situation . 
i must express my name in the european parliament djupaste upprördhet over this new våldsutbrott offrens families and to say how much we participate in their umbäranden and mourning as a result . 
jerusalems status of kosovo , as this tråkiga nyhet bevisar , represent one of the nycklarna to peace in the middle east . 
this city is laddad with powerful symboler for the three monoteistiska religionerna . 
this is to deny that kränka fredsvilja and to prevent sökandet after a solution acceptable to all . 
we know , however , that there are people who want peace on both sides , and who want to go forward . 
the joint presence of mr ahmed qurie and mr abraham burg , president of the palestinian lagrådet and president of the knesset , precisely here during our plenary with for september has once again given evidence of this . 
on the issue of jerusalem , they had a transparent and sinne beredvillighet to which mrs hope . 
then our plenary with in the european parliament , i am now also to the international community that we should do everything to samtalen forthwith to återupptas . 
madam president , i would like firstly , on behalf of the socialist gruppens support your speech and say that we are completely in agreement with you . 
however , i would also like to propose on behalf of my group , so that this important issue , which concerns the powers of the european union , as you said , is going to be included in the debate , which is to be held tomorrow for the summit in biarritz . 
of course , the situation in the middle east will be one of the substances which must be discussed at this summit , even if it is halvofficiellt . 
in addition , i would like to stress , madam president , that you quite rightly påvisat there as well as an unacceptable provokation of a israelisk högerextremistisk ledare which is known for its previous extremistiska activities . 
i also believe that we must address ourselves to our israeli vänner and tell them that a democratic and legitimate bildad government , which the israeli government cannot kanoner stridsvagnar and fighting with all our might against children and young people who kastar sten . 
it is completely without proportioner and is no to the peace process in any way . 
( applause ) madam president , i believe that we , after besöket of talmännen in the israeli and palestinian församlingarna , which you inbjöd to in the last month , have sufficient moralisk legitimacy to address ourselves to our ideal negotiating partner in the middle east , in more decisive ordalag , at the same time as we offer our help . 
madam president , i have sänt you a letter on behalf of my group that we demand a change to the agenda with regard to the question which you have just with great värdighet raised . 
as barón said , i will immediately take up this issue . 
i believe that our parliament for a month ago very lägligt common inbjöd president of the knesset and the palestinian president in lagrådet precisely in order to put down a marker its desire to interfere as medlare for the peace process which we cannot tiga parliament today . 
you have words , with which i have outlined the deeply dramatiska situation which utvecklar itself in this moment in palestine and in israel . 
i understand that mr prodi tomorrow , the council , we ourselves , some of us will speak in the general debate . 
however , we can in no sense to allow this dramatiska issue should be dealt with together with other very important issues and in this way to achieve a talk of the charter and of the french presidency and the forthcoming summit in biarritz and about a third of the danish - no result at folkomröstningen of emu and , finally , a fourth on the middle east . 
it is not right , bearing in mind ämnets importance . 
i therefore propose that , together with my group tomorrow if possible find another day , if necessary , that it should be possible to give an hour so to this important matter and adopt a resolution . 
if this is not possible , i propose that this issue at least be dealt with in the topical and urgent debate . 
but , in any event , i explicitly that nobody at the end of this plenary with will be able to say that parliament as such , in your magnifika förklarings spirit and duration , have not expressed its opinion on that peace will once again be in israel and in the middle east . 
dear colleagues , if you so wish , i will take up on a point of order . 
we have not yet come to the revision of the agenda . 
i have received the proposal you have inlämnat to me . 
i therefore propose to you just now discuss whether it is appropriate or not conduct over this issue to tisdagen . 
however , i have a number of ordningsfrågor which we shall conclude . 
i have a few meddelanden to you , and then we will deal with the agenda . 
madam president , ladies and gentlemen , what is happening in the middle east is a tragedy . 
i am very grateful that you raised this . 
our group is fully behind us , the content of this . 
madam president , my group , too , is of course extremely skakad helgens of events in the middle east . 
of all the proposals which have been made , i would like , above all , support the proposals of mr wurtz to find an appropriate time at which we call råde. possibly also kommissione. to give a statement . 
our group has nothing against that parliament gives its own statement in ärendet . 
thank you , mr sterckx , we have taken note of this statement . 
my statement is a completely different matter . but , as this house knows , has the task of konvent which has to prepare the european union charter of fundamental rights is slutfört its work . 
we can be pleased about this . while our institution has been made itself very much for this konvents work will succeed in particular so that the time of time has given its convention itself disponera lokaler and then in plenary with our plenary start here in strasbourg today , i regret that it has been possible in organising värdiga background to this charter are distributed here in strasbourg following the work of the slutförts . 
i would , as it is a strong symbol of our institution , and i think it is a . 
madam president , in my capacity as chairman of my europarlamentets committee on regional policy , transport and tourism , but also of grekisk riksdagsman , i would mention olyckan with färjan express saminas which ägde tisdags in place . 
until today , we have 79 dödsoffer 2 , and people are still missing . this is a hemsk accident which really chockat all . 
before i leave to speak on the same subject to watts , i only upplysa you that immediately after this terrible disaster , i wrote to the president of the greek parliament , mr kaklamanis , on behalf of your to give my djupaste mourning as a result and our sympathy with offrens families . 
madam president , after the tragic the events of last week in the sea , yesterday &apos; s egeiska välkomnas trafikförbud for over 60 greek passagerarfartyg which do not meet gemenskapslagstiftningen by the whole house . 
in addition to that , we above our beklagand. glädje with which i can see that you have already gjor. and our thanks to all those who were involved in räddningsarbetet during these tragic events would president veckas at the next meeting of the committee on regional policy , transport and tourism , we sought to study why 79 people must dö before these ships were trafikförbud ? 
this committee must be a response to the community sjösäkerhetslaga. ignorerar why member states , it is not just greece . 
we must do this to committee , why certain member states have permitted dispens from following these sjösäkerhetslagar for a long time . 
madam president , i would like to thank very much for it so hemskt medkännande you expressed to the president of the greek parliament , against the background of the tragedy which occurred in oerhörda grekiskt water . 
it is a fact that there are shortcomings in the implementation of förordningarna , both national and european , and the greek government has been itself with this matter with the greatest possible samvetsgrannhet . 
when it comes to the 65 ships which have been in service , i believe it to be värt to clarify how these ships , which would have been the road from 1 october , independent of 79 people died or not . 
the two the events have nothing to do with one another because tidsfristen for förordningarna händelsevis råkade be on 1 october and dömer chose these ships olämpliga . 
i believe , madam president , that this issue is too serious to be an issue which can use the oppositionella policy . it is , moreover , for serious to be dealt with as a matter of urgency with a simple resolution . 
that is why the group of the party of european socialists will vote against that recording the question as a matter of urgency . this means , however , is not that we are not förfärade of this tragedy and government that we will not do anything which is in our power to sjösäkerheten should be improved for the boats which trafikerar egeiska the sea , as the three and a halvt öar trafikeras and thousands of a large number of färjor , and against the background of this accident , this is how great the than is , if we consider the number of resor which every summer egeiska taken in the sea , an accident among many framgångsrika resor . 
despite this , it is a tragedy , and , of course , is such that omständigheterna sjötransporterna once again have examined on djupet not only in our country , but also in europe , which means that the greek vattnen not in any sense would be less safe than vattnen in any other member state . 
in a comment to the danish said no to the euro , you , mrs fontaine , to have a nejsidan appellerat irrationell fear . 
if you had been better informerad you would know that you beskrivning bar. and only on an ill ungefä. into approximately 20 % of the danish nejsägarna . 
for a large majority of the vote nejsägarna has centred on the democratic legitimiteten that decisions relating to our economic policy . 
madam president , i would like to thank you for the kondoleanser framfört on behalf of the european parliament and which we all our racism here . 
unfortunately , the downfall of 79 and 80 victims of altaret for rederikapitalets profitering . 
how much to some than to the responsibility of besättningen so can no tvivla on the fact that båten was over 35 years old , it really should not be on the road to the sinking of the very soon and that it could not therefore räddas more lives . 
with its privilegier rederierna has always had the greek governments at their side . 
there is more than one hundred historic peoples in europe which meet the requirements to be a nation and there are millions of people in europe , and that is something which is nationalister samhörighet with their nation . 
madam president , after having listened to my danish colleague you understand what is at a low level in denmark , which led to a no . 
however , a decision has been taken and we must respect this . 
it will , of course , i do mr davies . 
madam president , the racist tilldragelserna in germany since our last parlamentssession forcing me to speak again , unfortunately , do . 
however , if mr wurtz vidhåller this request tisdag i shall ask if there is a speaker who are against this and villig to express its opinion on this basis . 
if mr wurtz is proposing a kompromisslösning which means that his proposal uppskjuts to thursday , in this case , the matter will be for tisdag . 
i förmodar that that is the case . 
mr maccormick , with regard to the agenda for friday inlämnades your proposal after tidsfristens utgång . i can therefore already that the answer you cannot go to the vote . 
this is why it is not some amendments on friday . 
i will give you the floor , to which a procedural motion , if you really want it . 
madam president , i see that the existing friday to the oral question on which språklärare infördes on our agenda extremely late is no bifogat motion for a resolution . 
i understand that my request that this would bifogas inkom too late in the rather kaotiska omständigheterna on monday . 
this is an important issue , and i wonder if it after the debate , for a time limit had been established avslutas ingivande of the motion for a resolution on the subject . 
madam president , ladies and gentlemen , commissioner , i would like firstly to express my satisfaction that the proposal for a regulation on the common principles of the european forestry regionalräkenskapssystemet - and even in the european community ( 95 ) . 
i am talking about the satisfaction that , because of the fact that , with this regulation gives us a system which gives jämförbarhet and transparency of the beräkningen budgetunderskottet in the various member states . 
should we focus istället us on the path towards a seriös bokföring to avoid beteenden which , as i have just cited , is not particularly open , and sometimes even bedrägliga . 
i repeat , therefore , that , in my opinion , should the council common position support . this regulation införs övergångsmekanism to a european räkenskapssystemet even ( 95 ) , which in fact guarantee jämförbarhet and transparency in the member states in public räkenskaper issues as important as the simple and which is about beräkningen of budgetunderskottet . 
this recognition is also guaranteeing the possibility of a request by the possibility of hindras övergångsperioder can actually be in a position to reject densamma if it is not välgrundad . 
to take one example , it says that the social avgifter employees who have paid into is no longer enough to that they should be able to receive their pension rättmätiga . in many cases , this is not true , because the fact is that it is bokföringsknep rättfärdigar say to the employees who have arbetat throughout their life : this there is no money left applies . 
at the same time , is to be the mogen hämta efterlängtade pensionen . 
really , this is not true , because there are bokföringsmässiga knep . it is therefore good that knörr borràs bifalles report . 
mr president , i would first like to thank all the speakers for your comments . 
it is clear that the aim of this document as fatuzzo said , is to try to ensure that figures to fit in with a ceiling of reality and that it is not undervärderingar budgetunderskotten of the public . 
it put the work of parliament and the council have been extremely useful . 
on the whole , the commission accepts in its common position , the council already also the various amendments that were raised by parliament at first reading . 
two questions , however , be up to some extent which has not received förtydligande . 
the first is about article 7.2 , i.e. the possibility that the commission should have a certain framework for godtycke when it comes to grant övergångsperioder . 
in this case , it is the case that only the commission is asking for is that these perioder rättfärdigade really is . 
therefore , we can accept that the problem , but the commission should åta itself to grant these ansökningar , on condition that the member states , in a way , on the sakligt svårighet before they can be at a omedelbar application of the rules in the regulation . 
we believe that clarity should apply to both hållen . 
the commission must , of course , not neka these perioder objektiva then there is reason , but it is oundgängligt objektiva that there will be a reason to be beviljad övergångsperiod . 
otherwise , we would be limited to fulfil the purpose of regeln . 
the second question is about värderingen of mervärdesskatten beräkningen and of the resource in addition of own resources which erhålls by mervärdesskatt . 
given the amendment that was tabled once again in this matter is , of course , the commitment to take a different approach , because we do not have any difficulties when it comes to base . 
in this specific case , i would like to mention to the commission at the first reading had åtagit itself to presenting a separate proposal for a regulation of the european parliament and the council in order to deal with the specific question . today , i can tell you that the commission adopted the proposal on 20 september , and that it has already committed to parliament and the council . 
companies in the european union , particularly in which tillväxtindustrier högteknologi - and bioteknikföretag , cannot use its full potential , but better access to risk capital . 
effective riskkapitalmarknader is also a prerequisite for the development of entreprenörskap in europe . 
in the meningen i agree entirely with the skinner when he says that it is of crucial importance to small and medium-sized enterprises are transparent and fair access to the new riskkapitalmarknaderna . 
according to a just gjord studie , which has , in the commission communication , this is also a very effective tool to increase employment , because between 80 and 90 % of those who come from the normal finansieringsmedel venture capital is used for anställa more people ; in other words , more risk capital , gives us the opportunity to use our human capital more effective . 
i therefore fully support paragraph 23 of the opinion that we should call on the commission to leave us regular basis informed of any new development . 
the draft directive on tilläggspensionsfonder is important for growth of risk capital in europe . 
the committee on employment and social affairs wanted to refer the results of the recently framtagna report on tilläggspensioner , above all if försiktighetsreglerna . 
institutional investerare which försäkringsbolag , investeringsfonder and pensionsfonder alltmer plays a dominant role in providing venture capital . 
pensionsfonder in particular have become more important in the past , because they all decenniet demografiska changes are still need pensionsprodukter . 
förskjutningen against instruments which are more funktionsinriktade has also increased the need to reform the system . 
developments over the past few days , with the individual currency has been olycklig . 
furthermore , we demand a skattesystem which on the one hand , to encourages innovation and , on the other hand , support which privatpersoner investerar capital in companies . 
that is why i also welcome överenskommelsen from lisbon to introduce benchmarking for the whole of the series of the best modellerna to aid for riskkapitalet on the table , so that we will be able to make further . 
mr president , ladies and gentlemen , let me congratulate the rapporteur started to the skinner report förståndiga , precisely at a time when we need new incentives in the field of risk capital within the european union . 
the rapidly growing companies , new företagsbildningar with great innovationskraft rasande speed and the industrial förändringen requires effective markets for venture capital . 
growth must stöttas better . 
although riskkapitalet over the past five years has increased considerably even among us , in this respect , europe is still far after the united states , above all in view of the growing areas - and quickly informations bioteknik , but also in terms of hälso - or sjukvård , a completely new area which take account of all are growing rapidly . 
the committee on employment and social affairs has specifically addressed with the various forms of tilläggspension and the kontrollföreskrifter as this requires . 
in all , more pensionssystemen develop new financial products precisely because of the stigande medellivslängden . 
therefore , playing a more important role in all pensionsfonder riskkapitalet distributed . 
but we need the social trygghetssystemen , how they may be than konstruerade , precisely at special kapitaltäckningsförfarandet regleringar , bodies for monitoring and codecision , which will reinforce confidence in these new systems , for these products . 
therefore , it is also essential that all parties are persistent intresserade in dialogue with one another , including the european parliament , the council , the social partners , the european investment bank and the european investeringsfonden . 
in the european union , there can be no often enough that it is combined with the will of the proponents and agents . 
financial instrument which is all the funds available must quickly vidareutveckla synergistic effects of the market , to the increase in omfattningen riskkapitalinvesteringarna in the eu , so that the riskkapitalets arbetsplatsskapande really can benefit , above all , need to make all the operators . 
through investments in företagsbildningar also created jobs . 
in order to be able to build on the success of these medarbetarna plays a crucial role and is the drivande kraften . 
therefore , even systems for delägarskap , knutna medbeslutandemekanismer , to be . 
the reasons for this is of the greatest importance . 
as a whole , i would like to emphasise once again that the communication , kopplat for this report once again , can be a very strong impulsgivare for förena proponents and agents in riskkapitalsektorn . 
mr president , it is known for many years now the european parliament with the rapporter and many resolutions have shown its commitment and interest for small and medium-sized businesses and their problems . 
the important role that small and medium-sized businesses plays in order to promote employment and of technical betonats introduktionen news has in many ways . 
despite this , the advantages to the governments and the member states is often be hypocrisy because small and medium-sized businesses in reality is oförmögna to participate in financial assistance programmes , to learn the benefit of technical and technological moderniteter moderniseringsprogram , to learn the benefit of yrkesutbildningsprogram for their staff and to deal with the unfair treatment skattemässiga that they are facing . 
these problems could bemötas with a revision of the bankernas finansieringskriterier very hard to take , with the benefit of their föreningar handelskamrar and in this sense to promote technological development programmes and radical utbildningsprogram . 
this is certainly a provokation känslan for the public , to propose a european enad finansmarknad betjäna for small and medium-sized enterprises , as they are , they . 
the same thing applies to the proposals on the european pensionskassor orienteringen , against the social funds and försäkringskassor whose aim is to finansiera högriskinvesteringar and have a gynnsammare skattebehandling of vinsterna . 
the problem is , of course , lösningen which is unfair skattemässiga förknippade with the reading of the small and medium-sized businesses , and the förenklade moderniserade patentregistreringsförfarandet sänkningen , of the extremely high administrative expenditure and inskrivningsförfarandena all on the right track . 
however , we believe it to be a provokation the vast finanskapitalets tillmötesgås requirements and we reject this . 
i urge the european commission to skynda on when it comes to the guidelines for the additional pensionsskydd . 
with iakttagande välbetänkta rules of the institutions must be given full investeringsfrihet . 
the member states must then befria utbetalda pensionspremier from skatt . in this way , a source of privatkapital be built up . 
but förfogandet of capital is not the only hindret . 
too often , it is the famous virrvarret of rules and which formulär avhåller firms from that anställa staff . 
this is therefore a great task for many member states : to embark on structural and abolish omorganiseringar unnecessary obstacles . 
this is to the advantage of regim konkurrensförfalskningar . an application must therefore be able to be officially in every language . 
a true likabehandling of languages , i believe , in fact , be in small , innovative enterprises interest , and it is , moreover , the eu , in accordance with the treaty . 
another is that patentera naturresurser oroselement pointed out , and as gener växter , which , according to the right of me , is just cited in paragraph 22 of the draft resolution . 
that is life övertygelsen heaven &apos; s gåva and not something människan can take , are always respect . 
mr president , the report should skinners välkomnas . 
this is the objective that we constantly take forward as hörnpelare , not only in the guidelines for our economic policy , but also in our employment policy directive . 
we are all to problematiken , but we have , of course , which seriously hämningar försvårar risktagandet and företagandet . 
this must be nogsamt to point the finger at the cultural barriärerna as in the bureaucratic processerna , problematiken around tillståndsgivning , difficulties with simple patentansökan patentgivning and for small and medium-sized enterprises , the cost of patentunderhåll but also , there is the lack of coordination in skattesystemen . 
companies need a europe belöningar chanser and which will , above all , need to all . 
therefore , the formulerade they fully support . 
this is to the detriment of the public konkurrenssnedvridning riskkapitalet . 
fourthly : how do you ensure that the larger inkludering of pensionsfonder riskkapitalet efterlyses in which the report does not lead to possible losses of the inbetalade beloppen and therefore run in opposed direction towards objectives that inbetalarnas candu itself a trygg levnadsafton ? 
fifthly , it remains unclear about this : why fusioner on kapitalmarknaden would give positive effects for tillhandahållandet of venture capital . 
erfarenheterna motsatsen shows . 
of course , fewer leverantörer desto desto less competition and higher costs . 
mr president , i would also like to congratulate my colleague mr william peter skinner for the excellent report , on a subject that i consider to be of the highest importance . 
for if the european union wants to become the most dynamiska economic region in the world , which beslutades during the lisbon summit , must investeringarna , especially in small and medium-sized businesses , which creates jobs and is to concentrate on framtidssektorer , receive financial support . 
we want a more active företagsanda in europe , but there is still a large number of difficulties for the businesspeople who wish to be and to implement lönande projects . 
difficulties , we must quickly övervinna in various european union countries , start with the administrative aspects , with bureaucracy , which in many cases is unnecessary and take time , money and energy , and to that end , as a result of the finansieras . 
with the business risk capital plays a very important role in this area and the european union must get much more if we want to make ikapp eftersläpningen , above all in relation to the united states . 
above all , it is essential to europe in all higher extent get involved really projektens on merit and not on personal företagarnas egendom , which is at the moment . 
if bankernas requirements on the personal finanserna is very diskutabel , so is the completely unacceptable when it comes to companies with venture capital . 
it is also necessary to make it easier for företagarna to use the results of risk capital , which requires a more active and effective ömsesidig information about its use . 
( inledningen hörbar ) ... which not only to encourage a minority of the population which has capital from placing and from placing on . 
all proposals illustrerar once again that the european union was built at the idea of exklusiva storkapitalets and to encourage the development of investments and underordnat small . 
the majority of the population is concerned , however , for it is their money with which the european institutions are finansiera measures underlättar private investments . 
those who do not disponerar over a capital but which represent a major part of skatterna , among others by indirekta skatter including momsen , would therefore have to be the precise finansiera skattesubventionerna and skatteavdragen investerarna as well as for the skatteförmåner granted to aktieoptioner . 
it is planning to encourage pensionsfonder , but it means that , by encouraging oundvikligen pensionssystemet distribution . 
money should be used to ensure a hygglig pension for all should therefore be used to give a minority opportunity to create more private profits . 
we , however , remember that those programmes for venture capital is earlier than the lisbon , because it is from 1998 . 
but omständigheterna earlier is not the same as intressanta what we will do in the future . 
some of you have spoken about two specific examples which i would like to highlight . it is about pensionsfonderna and the possibility to have a more effective gemenskapspatent which will a better use of riskkapitalet . 
when it comes to pensionsfonderna , i want to talk about this week that the commission should adopt the proposal for a directive which provides greater pensionsfonderna investeringsmöjligheter in värdepapper throughout the union . 
we are talking about additional pensionsfonder and , of course , we are not talking about a responsibility to do so . 
we are talking about to eliminate current obstacles and therefore should not the problems some of you just cited on future uppstå risks . 
of course requires öppnandet venture capital of a correct conduct of förvaltarna minimera with a view to the possible risks which could uppkomma . 
when it comes to gemenskapspatentet i would just mention that already in july the commission adopted the proposal on your gemenskapspatentet . 
some of you have also just cited the problem with the public funding when it comes to venture capital and no doubt the public must be tydliggöra finansieringens förenlighet with all normgivning of competition . 
some of you asked why the public funding was only a supplement to the private . 
there is no desire to suspend but only a desire to best use disponibla resources . 
it seems unacceptable to the public funding to compete with the private funding of financing of riskkapitalprojekt , and we must use the public financing of the projects which it is svårast have finansierade of the private sector . 
from the point of view we do wonder about the best way to use the available instruments , particularly the european investment bank and the european investeringsfonden . 
the commission will also in october to publicera mitten of a second communication which we hope you will for the council and parliament in the analyserar . we as the various finansieringsinstrumenten förvaltas framtidsutsikterna and by the commission on this issue , which is so fundamentala riskkapitalet . 
finally , i would like to mention that i believe that the report by the committee on economic and monetary affairs is an excellent and extremely important and constructive contribution to the work of developing riskkapitalmarknaden . 
even in those countries where it does it takes place in a different way than the other side of the atlantic . 
at least the issues which can be set up on pensionsfonder relatively quickly . 
thank you very much , mr solbes . 
the debate is closed . 
the vote will take place tomorrow at 12.30 . 
the third meeting in asia - europe 20 , 21 october - the seoul asem iii ) ( 
the next item is the commission statement on the third meeting in seoul asia - the europe of 20 and 21 october ( asem iii ) . 
mr president , the third asem summit , the process will be held in seoul in three weeks . 
i believe that it has been a lycklig omständighet that summit to be held in korea will soon after the historic koreanska summit which öppnade dörrarna for conciliation and a future återförening . 
of course , this will have significant positive effects on safety , not only the regional but also the global . 
that summit will demonstrate mognaden in a process which påbörjades for four years ago in bangkok . 
the process kompletterar bilaterala our relations with our partners and our ten asiatiska , given that the asean and contribute to integrationsprocessen in asia and europe . 
asem process - is uppbyggd around three pelare : politics , the economy and culture . 
asem process - have underlättat asean + 3 - the process and even more närmat nord - and south-east asia . 
its mötesstrukturer finans - between the economy - and are - utrikesministrarna asem model is drawn up . 
in the union , we needed to need , and also learn to effectively förvalta a process which are intended to promote the political dialogue for the economic fördjupa relationen between the two regions and increase the personal and cultural official contacts . 
the process based on a given that jämlik . 
by stress the original idea to develop this dialogprocess jämbördiga as a process between the parties and to uphold the informell so as possible , without a institutionaliserat secretariat , we have managed , despite some difficulties , convince our asiatiska partners that we want a terms with them on equal conditions , be removed from givar - mottagar relationen - and all postkolonial attityd . 
the starting point is of particular importance for our work to consolidate , fördjupa and increase the political dialogue . 
while our partner asiatiska preference devote itself to questions which förenar us and suspend pläderat for others , we have a broad agenda , but to suspend any question . 
our partners have accepted the principle in exchange for guarantees klokhet and able to make sense to have företräde then diskussionsfrågor väljs . 
the issue of human rights is , of course , the which gives cause to flest problem , together with avvisandet of inblandning in the internal affairs of and other arguments which we know well . 
toppmötets ordförandeskaps statement and also samarbetsramen between asia and europe will clearly to mention this problem . 
i would also like to add that , within the framework of the asem process , this will be a positive serie seminarier on human rights which , together with asia - europe - stiftelsen . 
säkerhetsproblemen , which is of particular importance in the region , will play a significant role in the process , and it may be that publikationen värt mention of a statement on koreahalvön separately as examples of this situation . 
leaders will also to devote itself to the fight against cross-border crime , especially in the light of the recently utspelade tragedin in dover . 
exploateringen of illegal immigrants , women and children , in particular the increasing sexindustrin , will not only be the subject of debate , but we will also take the initiative to fight against this , as is our tids farsot kopplad to poverty and insecurity . 
when it comes to the economy is in 1993 a date betydelsefullt markerar this critical moment , because it then our asia översteg to export to the united states . 
second : the asem summit which was held &apos; s in london in 1998 löste success of crisis . 
we support our asiatiska partner and we take concrete action , as the important commitment with regard to trade and investments , which the previous vände trenden and banade road for a significant handelsunderskott with our partners . 
the creation of a kreditfond , the establishment of the european finansexpertnätet and of the fact that , with two åtgärdsplaner if underlättande of trade and the promotion of investments , a number of other practical measures which shows that europe is about bryr . not only in asia but also in good times when kristider . 
the next summit will make it possible to bokföra frukten of our efforts and confirm that the step towards a more operativitet away and efficiency . 
furthermore , the leaders will discuss the essence of the new economy , globalisation , and the experience which dragits of crisis , the creation of a transeuropeisk - asiatisk supermotorväg to facilitate official contacts between forskningsinstitut and discuss the new teknikernas effect on the economic life , including measures to encounter the for each day , which is more digitala frakturen . 
as one of the following the current situation has a global trygg energiförsörjning laid on the agenda , including oljan . 
the need for a general legal framework for multilateral handelssystemet , världshandelsorganisationen , and the need to maintain its role in globaliseringseran will also be a basis in the discussions between the leaders . 
it forms part of our strategy to achieve consensus in favour of a omedelbar the beginning of a new global round . 
it is important that the cultural fylla tomheten between our two regions . 
the need to increase medvetenheten thrust knowledge , with a view to stimulera understanding and have removed felaktiga ideas have been important objectives in the asem process - its ever since the beginning . 
asia - europe - stiftelsen have in significant extent bidragit to this objective . 
leaders will decide on other initiatives in order to increase the exchange of studenter between regions , modernisera lärostrukturerna , intensifying co-operation in the development of human resources and utbyta comments about recently inträffade sociopolitiska events . 
we regret , therefore , that our partners does not yet asiatiska studera was willing to the creation of a social forum , in the asem process , which would represent the civil society in the same way as asia - europe företagarforum näringsidkarna represent . 
the proposal will from organisatörerna of the forum . 
from the point of view and organisatorisk logistisk koreanska publicera presidency there will be a statement by the presidency , which , in addition to the problem under discussion of leaders , should innefatta issues such as reform of the united nations , nedrustningen , vapenkontroll m.m , the fight against aids . 
the final text reflect the discussion between leaders but already has a good work done . 
therefore , the presidency is responsible for uppdatera during the summit . 
it already to the statement from the seoul koreanska halvön acknowledge the importance of the past and recognise the progress being made to integrate nordkorea policy in the international community with a view to in a way the koreanska fredligt one of two states . 
finally , the 2000 for cooperation between asia and europe , a uppdaterad version of the first , which was adopted at the last summit in london , the specificerar objectives and procedures which will lead to the asem process - over the next decade of europe . 
the difference from the most recent version we have made to the importance of human rights and cooperation to protect the environment , to mention just two examples . 
the only remaining problem is the issue of medlemsstatus , in relation to which the european parties has opposed to försöken to introduce some limitations on which could give cause to tolkningen that some parties utesluts from future participation . 
therefore , it is today , not least , on the asem process - have to appear in the european public medvetande . 
what our partners in asia has little understanding for the fact that we as to practical uteslutande befattar us ourselves , with the intergovernmental conference , with enlargement , naturally occurring in the case of the important and urgent problems in our own political subject , in the middle east . 
we must use this opportunity , and , therefore , we also have the opportunity and the opportunity to create gehör for our principles there . 
this can also förmedlas - in the asem process . 
mr president , i do not believe that it is only if this ifall århundrade or årtusende should be european or asiatiskt , but it is that both regions together to find themselves in the right to a new partnership . 
the exchange between skolor universitet affärskvinnor , and men - and is lovande , europe , asia - stiftelsen doing good work . 
the year 2000 , it is , however , of what the asem , can and should be able to prestera , what best organiseras of asem , level . 
this asem vision group has put forward a very good motion which should also konkretiseras . 
certainly , the right of the asem to devote itself to the three pelarna political , economic and cultural cooperation . 
thirdly , concerning the political dialogue : asem is an excellent forum to raise smärtsamma substances . 
all these substances should oåterkalleligt raised for discussion . 
however , i should like to appeal to all the participant to reach a consensus on that work into clear commitments in huvuddokumenten in seoul on respect for human rights in the region . 
it must also riktas barnarbete more attention in order to ensure that this practice can undanröjas as soon as possible , both in asia and in the other direction . 
europe and asia must work together to increase narkotikahandel against money laundering , the fight against international crime , terrorism , and the exploitation of sexuellt minderåriga . 
it is very important that an agreement be achieved during the next wto round - between our two regions combined . 
on this last point , i would like to make asiens bräckliga economic recovery kompliceras sköra of the political situation in the region . 
we sometimes glömmer the makalösa during a period of economic growth in asia kvarts sekel förutspåddes for a period of bibehållen political and strategic stability . 
much of the stability of the region is not today . 
it is a source of koreanska halvön fortsatt strategic instabilitet . 
återuppbyggandet östtimor is a process of which are still . 
it is not enough that only once we are meeting was the fifth or sixth year for a parliamentary dialogue between representatives of the rumour , nepal , pakistan , sri lanka , bangladesh and buta. this is only those countries which fall under the delegation which i råkar be president . 
i would like to mrs vädja randzio - plath , which has a strong position of the committee on budgets , to help candu forward funds so that this and other delegatio. where such a measure would be meningsful. can leave these möten more frekvent . 
mr president , first of all , i would like to say to mr nassauer that if we must regret that the european union lacks profile in the asiatiska countries , we should also take on us skulden and admit that we förlorar occasions . 
however , this report does not deal with diplomatin and external policy , but it is restricted to raise the issue of higher akademisk training , if we may say so , of diplomater and blivande european diplomater . 
yet another occasion missat . 
with regard to the asean ( sydöstasiatiska nationers förbund ) , we should ask ourselves what kind of relations which the european union has and must have with asean . 
in the first place , it is not to be so , the concept for which are very different between integration in the european union and within asean . 
it is not a political integration , not even a hope of political integration between the asean countries , and we should not ignore , as the speakers before me , i believe , did they regimer contained within asean there is much from one another : it is totalitarian or diktatoriska regimer , even diktatoriskt hard as china and democratic countries . 
it is therefore not förvånande that in this context there is neither real integration or real political dialogue . 
the european union should perhaps look at this problem and to good återgå sunda bilaterala relations and which could be märkbart different type , depending on whether it is a democracy or a diktatorisk or totalitär state . 
i also believe that the optimism which visats with regard to the issue of återföreningsprocessen of korea is a smula excessive . 
perhaps the need for a svala republiken koreas at summit between the president and the leader of the diktatoriska nordkoreanska regimen våren , but is certainly not yet kommen nordkoreanska for the citizens . 
i reminded you , ladies and gentlemen , over the last five years , between two and four million people died of hunger in the region paradisiska . 
in the same way , i think it is unacceptable to the european union in its dialogue with asia , the decision on the rumour , which is a democracy which has the same importance as its numerära granne on the other hand , the chinese , but not the same regim and not the same privilegierade links with the european union . 
i therefore believe that we cannot continue to ignore this chinese gradually monster which is changing to a kommunistisk , those of a new national kommunistisk those of . 
we have had this call the conflict which has varat in forty years of being between sovjetunionen and the democratic world , and i believe that it is not used to angeläget events such as these toppmöten to hide this major problem . 
finally , madam randzio plath - i would like to say that , if we want to strengthen the parliamentary cooperation , we can only do this with the democratic countries of this region , that is to say with the countries which have the parliament . 
if it should be parlamentariskt cooperation with these countries and it is certainly not with officials from the chinese kommunistpartiet or from other countries in the region . 
mr president , i would like to thank the commissioner for his speech in this debate and for his excellent plans . 
i believe it to be very positive , that the economic , cultural and political banden with asean and asem stärks . 
i also think that it is an advantage to get the - state organisations , the samhälleliga mittfältet and the citizens of these countries . 
there is , moreover , a in indonesien miljon 130 000 refugees , including in timor and 300 000 in moluckerna . 
above all , where in moluckerna aggressiva muslimgrupper sprider död förödelse , and the situation is even of katastrofal . 
the major kolonin molucker nederländern. in the interests of the eu itself of 50 000 - is very medborgar. orolig over the more than 5 000 döda tiotusentals skadade , and the more than 300 000 refugees . 
mr president , ladies and gentlemen , just a few words to emphasise our deep concern when it comes to timor . 
i shall go into the situation people &apos;s republic between china and taiwan . 
i believe that we should make clear that the elections of the new taiwanesiske presidenten represents a historic opportunity to övervinna motsättningarna on bägge sides of taiwan sundet - and that we should do . 
it is not acceptable that we project helping with korea in the asean - crisis , through the lending in international valutafonden osv . and that korea now still subventionerar their varv , as our försätter varv in difficulties in a orättfärdigt way . 
thirdly : this is a point which concerns us , but also the countries of asia . 
as has already been said , we need a dialogue between parliaments , between the european parliament and the parliaments of the ten countries asiatiska . 
you quite rightly took up the comprehensive dialogue as one of the major issues of asienmötet , i.e. formuleringen of different interests . 
it is not acceptable that with interests between asia and europe will only utbyts between government officials , and also of scientists and journalister generöst does in fact . 
parlamentarikerna must also be delaktiga in the process , for any renodlad utrikespolitik , it is no longer about . 
all of this is very strong political issues which affects the situation in the individual member states , must therefore be delaktiga members . 
mr president , when the japanska besöker us members of parliament in strasbourg in november , we will ask them if possible arrangera the next meeting between the european parliament and the asiatiska parlamentarikerna in countries in japan . 
mr president , to begin with , i would like to thank all the speakers for their contributions to the debate and make a few quick comments . 
in the economic area , i must remind you that we have two this action plans at this time . in order to facilitate a handeln and the other for the promotion of investments , and both are very active . 
when it comes to the social aspects , we proposed once a new body , the social forumet , which would represent the civil society . 
as i have just cited in my presentation was the asiatiska countries not in favour of this proposal , and we regret the situation . 
when it comes to the parliamentary cooperation , i would like to remind you that there have already been two möten , on a filippinerna and one in portugal , on cooperation between young parlamentariker . even the european parlamentariker have taken part . 
with regard to the activities of any further interparlamentariska relations we consider to be extremely positive . 
with regard to kommentarerna relating to certain specific countries , i would like to say the following . firstly , when it comes to burma , it is clear that it is not one of the countries which participate in the asem process - and there is no intention to allow densamma in the country . 
it is a situation which discussed at every opportunity then there were a political dialogue and it is obvious that omständigheterna objectively , it is not possible to go further in this direction . 
i have not received any reply to my speech on moluckerna in indonesien . at the moment , where the problems are more serious than in timor . 
there are 300 000 refugees . 10 000 is troligtvis döda , tiotusentals have skadats . 
it must not be the case that moluckerna asem - not be addressed in the negotiations . 
we received an intermodala terminale. this be in order , because , in the us , the council thought not at all this , despite terminaler in a future european transportpolitik will , of course , to play a much more significant role than perhaps today . 
the ports konkurrerar with one another , so it should also be . 
however , in order to create a jämlik competition has krävt parliament that we should not promote the overall strukturen , but that it is at its best , infrastructure which will främjas . 
this principiella when the council has so far not been able to accept as to over huvud , not the commission , possibly , moreover . 
therefore , we must find common solutions in the way that this jämlika konkurrenssituation are drawn up , when it comes to infrastructure . 
a glädjande point in this dossier is ändringarna in project no 8 , obviously , have been adopted by the council . 
parliament accepts this . 
therefore , the council has , however , once again , for all accepted that medbeslutandet is necessary even in the 14 essen projects from important . 
what we are going to decide on tomorrow is finally to förlikningsförfarandet materials . 
i want to explicitly show my comments on the french presidency to bemödanden already at this time to reach a gemenskapsförfarande . 
recently , mr president , forcing me to conclude my taking full but i cannot allow to be that , when we talk about sjöfart , and i also express my deep mourning as a result of the medmänniskor who lost their lives , passagerarna in one of the many boats which is needed for betjäna many of the greek islands , which are so also need our clear advantages . 
this must always be there because the many islands will continue to be with all its säregenskaper and cannot avskaffas . 
mr president , commissioner , ladies and gentlemen , i would like to thank you on behalf of my group for the report by a utformaren grundligt work on this important issue . 
the transeuropeiska trafiknäten has explicitly to the task that binda together the various areas of the eu to the common market should be able to work effectively . 
the report has , however , utformaren , on the issue of all of the major hamnarnas perspective . 
the number of tonnes per frakt is an important standards , but it does not always berättar the whole truth . 
mr president , within the european union there is a large diversity , and yet we are inclined to likrikta and centralisera . 
the report and the amendments actually deals with a number of very different background . 
as at previous behandlingar of reports on the dumping of waste in the sea and on luftfarten , we need to make between åtskillnad nord and syd , between large and small , and between the policy which has profit as objective and environment policy that is as objective . 
therefore , it is not easy to consider all the ports of the european union after the benchmark . 
some of the amendments and the report is an opportunity to improve omständigheterna hamna. small ports , which is an irreparable loss of kommunikationerna with and to remove överlevnaden öar and in regions that have been affected . 
according to this opinion should all small ports and any färjehamn with comprehensive turisttrafik be included in the european list . 
then , as the main objective hamnpolitiken have to support the regions of the union . 
where competition is bitter , among others , such as low as possible tariffer offer so many faciliteter as possible to transportföretag . 
there is even a view on that applies to rotterdam , should be a mainport applies , where all goods which will lead to the european west coast from other kontinenter must lastas on to vessels distribuerar omkringliggande them in the ports . 
even after the other major ports strävar growth and dominans . 
competition takes place in bekostnad of environment and storstädernas financial scope . 
a european hamnpolitik must combat this and achieve a dissemination of lasttrafiken over a wider area . 
unfortunately , this is not to be included in these proposals . 
mr president , the existing networks transeuropeiska tänkta is to act as a länk between the different regions in the european union , not just as a transportnät , but also to improve konkurrenskvaliteten , and thereby have increase employment in certain regions . 
therefore , the emphasis is on trafikleder between member states . 
only logical , this means that the focus on riktas against the cross-border projects , which are of importance . 
trafiksituationen within the various member states is far removed from identisk . 
in the southern member states , it is primarily the way - and which is järnvägstrafik kontinentala for transport , while havs - and sjötransporter plays a significant role in the nordligare countries . 
against this background , it is , of course , and also that these transportsätt interaktionen emellan them , are in the transeuropeiska existing networks . 
above all , they must , of course , which is least transportsätt scope and is included in the miljövänligast transeuropeiska existing networks . 
kusthamnarna is often start - and for slutpunkt lasttrafiken in europe . 
this cannot be in our interest . 
in the investeringarna transeuropeiska transportnätet meningsfulla only if we are to create real nät with broad täckning that all citizens of the union can take advantage of . 
a framtidsorienterad maritim strategy should not be exklusiv , without inklusiv . 
i would ask the rapporteur and the speakers for their support reasonable . 
mr president , i would like to thank the piecyk , for the work he put . 
the issue of inlandshamnar and the intermodala terminalerna is very convoluted and i would like to emphasise the wide consensus we have achieved . 
we all believe that there should be a transeuropeiska transportnätet multimodalt nät . 
we also believe that we all feel that it must be the main innefatta has come . i believe , too , that we believe that the current provisions for the transeuropeiska näten regard ports is not satisfactory and that the strengthening of the role of hamnarnas nätet that will also serve to strengthen the transeuropeiska näten . 
i believe that parliament and the commission are very much in agreement in most parts of the european debattens ämnesområden . 
we agree that innefattandet of too many ports in nätet can affect the concept of transeuropeiskt and that we must therefore innefatta inlandshamnar of major strategic importance . 
we support the ändringsförslagens intentions , but we cannot support the formuleringen of these . 
on the one hand , because we believe that it is olämpligt to talk about financing in these guidelines , and secondly because we believe that it is not necessary to do this reference . 
the truth is that the typer of projects which parliament , when it talks about suprastrukturer not going to be included in the projects of common interest and , therefore , they are not there . 
therefore , this is a debate which is on the way and was unnecessary . 
the major kapaciteten making transport more efficient operativt , and this gives the profit for both transportörer as consumers . 
further bussar will also a more effective use of roads , and this means miljöfördelar . 
they must , in consultation with kunden , able to identify how many axlar necessary in order to be able to fulfil säkerhets - and viktbestämmelser långtifrån bussar . all have the same high burden ; for example , to see the vip - bussar . 
this means in practice that should not driftskostnaderna are affected by cold unnecessary effect by tillägget of a third axel not really is needed . 
the many instämma utskottsmötet showed itself in this , and this is why i , for my parlamentsgrupp , once again made into innebörd with this amendment . 
let us look at a buss , greater buss . and the environment on the one hand , can this farrago itself on a situation which , in sanders - ten holtes example where billigare and more efficient transport , that small businesspeople in this area möjligtvis can serve , make more profit osv . 
on the other hand , sjunker prices , and this will probably the extremely noticeable effect that demand in extremely billiga busstransporter stiger considerably . 
in other words , can i instämma in an extension of bussar from an environmental point of view and a number of other considerations , but there are a number of bieffekter really not be regulated in this directive , and which cannot be regulated in this context , but we would still like to ask your attention . 
i believe that a övergångsperiod then industry can match itself , is a good thing . 
three , which is axlar sanders - ten holte , did not always necessary , but it is more important to define a good directive . 
mr president , commissioner , first of all a gesture to the active rapporteur hatzidakis for his report . 
european standards can bussarnas te itself as a trivial issue , but that is not the case at all . 
the dynamiska internal market which we have objective which can only if all genomdrivas spelare follows the same rules . 
the egentliga drivmotorn in development , the pure competition arises , then their åkerierna can offer cross-border services . 
in finland , we have , as long as no greek åkare skotska , but they have already received a stadigt forfäste . 
sparsamhet lönar itself . 
in order to continue the positive spridningen of competition , we must harmonise standards for bussarna . 
uniform standards means kostnadsbesparingar even since , as in märks biljettpriset and in the eu - the plånböcker . 
the rapporteur hatzidakis is right in that it would be unreasonable to demand that övergångstiden for bussar bruk would end on already home in the year 2009 . 
we must do the eu - vänner by skrota bussar which is in good condition for early . 
approval of the minutes of the previous sitting 
are there any comments ? 
( the minutes were approved ) . 
we decided in gå. and it is also in protokolle. during thursday we will discuss the developments in the middle east . but we have not set a figure of usd any frist to deliver the motion for a resolution . 
i propose that we fastslår such frist , both for the egentliga förslage. it could be in the evening kl . 
and for the amendments which 18.0. . we should try to make fristen as late as possible tomorrow , so that we can take account of the possible results of the meeting between ehud barak and yasser arafat tomorrow in paris . 
i would ask that we establish this frist and that it will be as long as possible . 
i have received a request from the european socialists of the debate on the situation in the middle east peace process , which take place planerats thursday afternoon , to avslutas with a proposal for a resolution . 
i request that we proceed to the vote . 
madam president , mr president-in-office of the council , mr president of the commission , i agree more with you , mr prodi , when you borders is keen for the current mellanstatliga model is drawn up . 
in order to succeed , v. i firmly believe it is a o. delaktig democracy , social progress , solidariska relations , projects in civilisation and etisk inspiration . 
i heard nothing about it this morning . 
in short , we need a policy of termens ädla importance because i believe that it is through this future is that of europe . 
madam president , the danish folkets decision of 28 september on the participation of the european valutasystemet will undoubtedly be figurera at the european council meeting in biarritz . 
governments in the eu member states must now seriously consider what has happened in denmark . 
the danish decision will two months before the eu should ledare mötas in nice in order to reform the eu treaties and the current policy . 
i support the enlargement of the european union . 
enlargement will help to strengthen democratic and civil structures in öst - and are wide marknadsekonomierna centraleuropa , and help to build a european continent that is at peace with itself . 
the eu member states , however , governments are facing difficult choice . 
we cannot deny that the danish people using folkomröstningen recently demonstrated that a confidence in the european union structures . 
that is what the charter calls . 
let us not start breaking off against the before we have even were to apply it . 
it is this right to difference which will form the material and respect for all the institutional debate , particularly in biarritz . 
it is essential to avoid the current avsteg , between harmonisation and so , unification , which quite rightly upplevs so illa of they . 
it is , unfortunately , the path which the intergovernmental conference seem to follow , to look on the extension of the qualified majority . 
the environment will not be protected better , for example , that we want to introduce a policy in which it bortser from the economic reality and the public needs . 
let us therefore draw benefit of the current discussions in the intergovernmental conference to finally omdefiniera a system which reached its gräns . 
the current mission to widen the vote to qualified majority will not conduct in the europe of the citizens . 
it will instead to ask them to hand , which do not accept enhetstanken . 
in a europe of how many speeds , you get us ? 
there is a range of roads that utforska . this is a few . 
we must , for example , accept and promoting subsidiarity . 
europe must limit its powers to those member states which can effectively do not do themselves . 
the previous speaker spoke about the charter as well , it is good that the classic rights charter förenar 1800 - from the statements of the modern rights from 2000 - statements . 
it is a charter for citizens who have participated actively in its utarbetande . 
with regard to the biarritz i will enable me to point out that it is not far from it to nice , but , above all , nor particularly long time . 
it is still quite openly on member states in nice will be enas on a new treaty . 
the french presidency approach that it would be rather than a bad , but the treaties have , i believe , be sensible . 
but uppfattningarna on what is good or bad , however , the treaty is milsvitt from one another . 
furthermore , the french presidency not förskonas from criticism from leading european diplomater because of their way to lead the negotiations . 
the first is the method is chosen , metoden with the convention itself , this does blandning of national and european berättiganden , even if , as well as a fourth bedragare , as commissioner vitorino pointed out . 
therefore , the french presidency has a great responsibility for the real and concrete results are achieved in nice , and the new treaty , to create a european union for new members . 
we must resolve the institutional issues and give a clear mandate for the continued work on a european medborgarvänlig författning and understandable . 
in this charter författning should be supported , and i hope this message will in biarritz . 
it is , of course , for us liberaler and this must be kristallklart , that the current intergovernmental conference must be the last one before new members släpps into . 
unresolved questions about the future europaprojektets cannot be as intäkt for further to in our historic mission to one europe . 
the eu is ready , but never in the future debates must actively deltaga candidate countries . 
metoden from the convention itself is perhaps a lämpligare regeringskonferenser method than those we have had in the past . 
in biarritz in meeting expectations are high . 
a few words , i would like to say about konventmetoden . 
it is true that it is better than an intergovernmental conference , me. make up , dear kolleger. tvunget convention itself was also to come forward to unanimity on every word and in slutfasen , say , when the case that decisions , were we to northern ireland see as an intergovernmental part 2 of our which should call on the presidency to negotiate with the member states , and not with the members of this house , and not only with the members of this house . 
in other words , i believe that the problem of unanimity , not only when it comes to the outcome as a whole , but also when it comes to the individual delarna in the charter , once again , has shown itself to be a serious begränsning when it comes to the content of the charter . 
the president of the commission , mr prodi , you referred to the folkomröstningen in denmark . i believe that this vote is an expression of a obehag which goes much further than the country självt . 
many europeans , for the european union itself frågande situation , its objectives and even meningen with it . 
we are talking about the crisis of confidence of the institutions , i am thinking of a crisis of confidence which , in particular , is the difference between the social expectations and oförmågan to deal with them . 
while the growth utvecklats orättvisorna has become all the more unacceptable . 
however , we know of course that is not positive developments , it is better to say that it is . 
like you , we owe to be totally consistent , but there are two things which must be done : the first is to say immediately that nice is bad , so utlöses an internal crisis , even though this would lead to the commission , would be needed if avgår so . the second is to say equally clear that enlargement does not achieve that if we do not first carry seriös reform . 
europatanken of haverera because of kompromisser , not on the basis of the crises . 
the crises in the means to ideas now against one another , is hälsosamma . 
mr president , all good cyklister does mr prodi a ryck at the right time . 
this is känslan we should face inlägget today , a speech which provides new hopp . 
i would like to concentrate strictly at two things which raises two different : racism glädjen bedrövelse over the result of the charter and in denmark . 
two different results , but , in my opinion , tätt knutna to one another and förebud on new times when . 
in the vote in denmark deltog close to 90 % of the population , a level which otvetydigt vittnar befolkningens of interest when it comes to part of the european practice . 
the result , as we respect fully and completely shows , however , that people are still seems far känna itself from the european idealen . 
the problem is probably in general . 
we must say to us after 50 years of the community , it is probably a sense of samhörighet with a europe that is not only a geografisk beteckning . 
admittedly , will the present internal borders and common morgondagens valuta , when it will be in omlopp , effective and necessary symboler which , given that they directly affects everyday life , will help to strengthen europatanken , but they will not be strong enough to satisfy the requirements of höras more and that their interests and , above all , their hope to become better företrädda . 
it was from uppdraget köln and this is also what the charter can do , whether it is now to be binding or not . 
the charter should be a living thing instrument , legally and politically . 
legally , one can imagine other ways , for instance , than upprätthållande avtvingande at ec - the court of justice . 
in the ilo europarådet and we have , for example , much experience of rapporteringsförfaranden expertkommittéer and kollektiv klagorätt fackföreningar - and for the state organisations and , in this way , the charter can be monitored legally . 
this latter vision , however , must certainly not be limited by borders but should upprättade in advance , although the behålls accepted within the framework of a legal and institutional framework , to make it possible for the member states who are willing to go on with a more political intensiv increased integration , and to other överlämna following the it when they believe it to be appropriate . 
it is about to leave each have their own political projects for the union in a mångfaldens harmoni which , in the basis and the bottom , already prövats vinnande as a solution in the history of the european union . 
mr president , in common with many others in this house , i welcome very much what mr prodi said this förmiddag us , both on the union and its institutioners uppbyggnad and of the charter of rights . 
i am one of those who believe that a antagande of the charter , even in a förklarande form , will be a welcome step forward , since it in time sinom will undoubtedly lead to a legally binding charter which is fully . 
i would like to draw attention to the commission kammarens and an issue that will come up on friday , when we are discussing rights for this lettori applies , the foreign språklärarna on italian universitet . 
it is itself a situation where unionsmedborgares rights has refused them in more than tolv years . 
the duger not enas if a charter of rights at the highest level , of individual citizens who wrongly be dealt with by a state must not be effective help . 
we therefore insisterar on the commission , as well as the commitment of the charter , as we have heard from today , even åtar itself to the protection of individual rights . 
mr president , the charter of fundamental rights that has been proposed , not the citizens rights stärks . 
this is also clearly stadgans of article 50 . 
it would also strengthen the alleuropeiska cooperation in this area instead of to weaken it , as the eu , the charter would do . 
mr president , the danish folkomröstningens results should förstås but that it is a false tolkningar . 
the danish nejet applies this is not a isolationistiskt nationalistiskt or not . 
it is not an expression of a majority of danskarna say no to the european cooperation , and it is not an expression of that danskarna is not sufficiently informed of the activities of the european union and utvecklingsplaner . 
a majority of danskarna has said no , in the same way as in 1992 and 1993 , more increased integration in europe , no to the lost by more suveränitet and no to the role which these gains syfte. , no to the euro , no to majoritetsbeslut and no to a european författning . 
we should not föreställa commitment to the european project , as we have heard , mr prodi , president of the commission to give a clear case of beskrivning , should be able to convince danskarna and get them to vote yes . 
however , it can be done at this summit is to it being a basis for nice and , therefore , is the debate also meningsfull for having presented our message from parliament . 
when it comes to biarritz so i really hope that it remains from amsterdam can be solved quickly . 
mr president , mr president-in-office of the council , mr president of the commission , ladies and gentlemen , sällan has a presidency of the european union have been so fyllt of important issues and kantat of events . 
the important issues are , above all , the igc and förberedelserna for enlargement , and the two are of course förbundna with one another . 
when it comes to the events there are difficulties with the euro , the höjda oljepriset and in another way we can only if a transition to democracy in jugoslavien . 
the french presidency has certainly no easy task . 
as we are the elected representatives , at least , we are obliged to encourage both the presidency to make progress , despite motgångarna , which conduct on the message we obtain from the relevant public opinion in our countries . 
despite the requirements which even today been presented here in this sal it seems as if the charter of fundamental rights will not be legally binding , but only a political explanation following . 
the word applies only applies , which i spent can , after all , be called into question , because i believe that the ec - the court of justice in its deklarationsmässiga procurement in its ruling will apply articles of the charter of fundamental rights binding principles , which must , of course , domstolens tolkningar stämma agreement . 
they thereby have developed so also to ban the facto legally binding rättsnormer . 
the charter of fundamental rights is an example of the union and the interests that are responsible for human rights violations . 
for iakttagandet of human rights , should be able to övervakas also in practice , the union must have clear rules for possible sanktionsmekanismer towards the member states . 
at the moment the council is considering dylik so as to include a mechanism of article 7 . 
to negotiate the environmentally-friendly practices is good , but we must ensure that the system cannot be used as a political slagträ . 
according to a finskt visdomsord we reflect an old one should only be used for . 
at the moment , are concerned , it would be , if the proposal as genomdriver belgiens government put forward regarding these sanktionsmekanismer is first and then do . 
mr president , president of the commission , mr prodi , mr president-in-office of the council , ladies and gentlemen , i would like to thank the european parliament delegation in the convention itself and konventets president roman herzog , for their committed work . 
the drafting of a european charter of fundamental rights is an important and necessary step to a europe which is close to the citizens . 
some of it is uppfattningen that we can create a single market in europe , but to be on all fours of fundamental values and principles . 
this opinion has never stötts of the majority in the european parliament . 
secondly , the transparency of the citizens , who are now know what rights they have towards those who are therefore and creates transparency in european law , and for those who are doing precisely this culture , or incorporate european right . 
. - ( fr ) mr president , we have just had a both rich and interesting debate . 
i have taken note of it is very tillfredsställand. naturligtvi. and that the european parliament , in large , unanimously , is nöjt with the charter . 
it is because parliament has not förvånande bidragit to it , and it is also because some of the principles . 
it provides a major force for this text and for the european council to promote it . 
i have taken note of your uppmuntran needs and to go further , to learn the benefit of the språng skapats as to take the agenda to nice . 
