resumption of the session 
i declare the session of the european parliament återupptagen the suspension , 21 september 2000 . 
approval of the minutes of the previous sitting 
the minutes of the sitting of the 21 september have been distributed . 
are there any comments ? 
madam president , i will leave me to the question of the minutes . 
some of the underlig cause is my name in the närvarolistan . 
i would urge a korrigering and would like to point out that , at the same time , passa idag we have been able to get us to strasbourg from finland to the purely nine hours . 
it is almost personal rekord for me this höst ! 
certainly , mrs thors , we should the the minutes . 
( the minutes were approved ) . 
communication from the president of the situation in the middle east 
dear colleagues , in these last few days have , as you know , in jerusalem , the towns and the other palestinian territories olyckligtvis satts in the brand and victims is already many . 
just today , helikoptrar bombarderat objectives in gaza and , therefore , förvärrat the situation . 
i must , in the european parliament as to express my djupaste upprördhet over this new våldsutbrott offrens families and to say how much we participate in their mourning as a result and umbäranden . 
jerusalems status of kosovo , as this tråkiga nyhet bevisar , is one of the nycklarna to peace in the middle east . 
this city is laddad with powerful symboler for the three monoteistiska religionerna . 
that kränka this is to deny fredsvilja and to prevent sökandet after a solution acceptable to all . 
we know , however , that there are people who want peace on both sides , and who want to go forward . 
the common the presence of mr ahmed qurie and mr abraham burg , and the president of the commission , in the palestinian lagrådet and president of the knesset , precisely here in our plenary with for the september has once again given evidence of this . 
on the issue of jerusalem , the , a transparent and sinne beredvillighet to which mrs hope . 
then our plenary with in the european parliament , i am now also to the international community that we should do everything to samtalen as soon as to återupptas . 
madam president , i would like , first of all , on behalf of the socialist gruppens support your speech , and tell you that we are fully in agreement with you . 
however , i would also like to propose on behalf of my group , so that this important issue , which concerns the powers of the european union , as you said , is going to be included in the debate , which is to be held tomorrow , for the summit in biarritz . 
of course , the situation in the middle east , to be one of the substances which must be discussed at this summit , even if it is halvofficiellt . 
in addition , madam president , i would like to point out to you that it has been the case with the påvisat an unacceptable provokation of a israelisk högerextremistisk ledare , which is known for its previous extremistiska activities . 
i also believe that we must address ourselves to our israeli vänner and say to them that a democratic and legitimate bildad government , which the israeli government , will not fighting with all our might kanoner and stridsvagnar against children and young people who kastar sten . 
it is totally without proportioner and is no in the peace process in any way . 
( applause ) madam president , i believe that we , the following besöket of talmännen in the israeli and palestinian församlingarna , as you inbjöd to in the last month , have sufficient moralisk legitimacy to address us to our ideal negotiating partner in the middle east , in the more decisive ordalag , at the same time as we offer our help . 
madam president , i have sänt you a letter on behalf of my group that we , is asking for an amendment of the agenda with regard to the question which you have just with great värdighet raised . 
because the barón said , i will immediately take up this issue . 
i believe that in our parliament , a month ago , very lägligt common inbjöd the president of the knesset , and the president of the palestinian lagrådet precisely in order to put down a marker its desire to interfere as medlare for the peace process , we can not parliament tiga today . 
you have with the words , which i share with deeply outlined the dramatiska situation which utvecklar itself in this moment , in palestine and in israel . 
i understand that mr prodi tomorrow , the council , we ourselves , some of us will express its opinion in the general debate . 
however , we can in no sense to allow this dramatiska issue should be dealt with together with other very important issues , and in this way to achieve a talk of the charter , and the next on the french presidency and of the summit in biarritz , and a third of the danish no - the result of folkomröstningen of emu and , finally , a fourth on the middle east . 
it is not right , bearing in mind the significance of ämnets . 
i propose therefore that , together with my group , tomorrow , on the possible find another day , if necessary , that it should be possible to give an hour so as to this important matter and adopt a resolution . 
if this is not possible , i propose that this issue at least , be dealt with in the topical and urgent debate . 
but , in any event , i explicitly that no one at the end of this plenary with will be able to say that parliament , as such , in your magnifika förklarings spirit and the duration , have not expressed its opinion for the peace once again to be in israel and in the middle east . 
dear colleagues , if you so wish , i would take up on a point of order . 
we have not yet come to the revision of the agenda . 
i have received the proposal which you have inlämnat to me . 
i propose , therefore , that you have just now have a debate if it is appropriate or not the conduct of this issue to the tisdagen . 
however , i have a number of ordningsfrågor which we should conclude . 
i have a few meddelanden to you , and then we will deal with the agenda . 
madam president , ladies and gentlemen , what is happening in the middle east is a tragedy . 
i am very grateful for that you raised this . 
our group is in favour us is fully behind the content of this . 
madam president , my group , too , is , of course , extremely skakad helgens of the events in the middle east . 
of all the proposals which have been made , i would like , above all , support the proposals of mr wurtz to find an appropriate time at which we would ask råde. if necessary also kommissione. to give a statement . 
our group has nothing against that parliament gives its own statement in ärendet . 
thank you , mr sterckx , we have taken note of this statement . 
my statement is a completely different matter . but , as this house is aware of the konvent which have to the task is to prepare the european union charter of fundamental rights is slutfört its work . 
we can be pleased about this . while our institution has been made to the very much for this konvents work is to succeed , so that , in particular , the time of the time has given its convention itself disponera lokaler and then our plenary with in the plenary will start here in strasbourg today , i regret that it has been possible to during the värdiga background on that this charter are distributed here in strasbourg , after that , the work of the slutförts . 
i would , it as a strong symbol of our institution , and i think it is a . 
madam president , in my capacity as chairman of my europarlamentets the committee on regional policy , transport and tourism , but also of the grekisk riksdagsman , i would like to mention olyckan with färjan express saminas which ägde place in tisdags . 
until today , we have the 79 dödsoffer 2 , and people are still missing . this is a hemsk accident which really chockat all . 
before i leave the floor over to the watts , on the same subject , i would like only upplysa you that immediately after this terrible disaster , i wrote to the president of the greek parliament , mr kaklamanis , on behalf of your to give my djupaste mourning as a result and our sympathy with offrens families . 
madam president , after the tragic the events of the last week in the sea egeiska välkomnas , yesterday &apos; s trafikförbud for over 60 greek passagerarfartyg which do not meet gemenskapslagstiftningen by the whole house . 
in addition to that , we , our beklagand. with glädje as i feel that you have already gjor. and our thanks to all those who were involved in räddningsarbetet of these tragic events , the president veckas at the next meeting of the committee on regional policy , transport and tourism , we sought to study why 79 people must dö before these ships were trafikförbud ? 
this committee must be a response to the why member states ignorerar community sjösäkerhetslaga. , it is not just greece . 
we must do this to the committee , why do some member states permitted to dispens from to comply with these sjösäkerhetslagar for a long time . 
madam president , i would like to thank very much for it so hemskt medkännande you expressed to the president of the greek parliament , against the background of the oerhörda tragedy which occurred in the grekiskt water . 
it is a fact that there are shortcomings in the implementation of the förordningarna , both the national and the european , and the greek government has been the itself with this issue , with the greatest possible samvetsgrannhet . 
when it comes to the 65 ships which have been drawn from the perspective of road , i believe it to be värt to show that these ships in any event , would have been in service on 1 october , independent of 79 people died or not . 
the two the events have nothing to do with one another , because tidsfristen for förordningarna händelsevis råkade be on 1 october and dömer chose these ships olämpliga . 
i believe , madam president , that this issue is too serious to be an issue which the oppositionella policy can use . it is , moreover , for the serious to be dealt with as a matter of urgency with a simple resolution . 
that is why the group of the party of european socialists will vote against that recording the question as a matter of urgency . this means , however , is not that we are not förfärade of this tragedy , and that we , as the government will not do anything which is in our power to sjösäkerheten should be improved for the boats which trafikerar egeiska the sea , as the three and a halvt thousands öar trafikeras and of a large number of färjor , and in the light of this , this accident , how great the than is , if we consider the number of resor which every summer are egeiska in the sea , an incident among many framgångsrika resor . 
despite this , it is , of course , a tragedy , and omständigheterna is such that the sjötransporterna , once again , have examined in djupet not only in our country , but also in europe , which means that the greek vattnen not in any sense would be less safe than vattnen in any other member state . 
in a comment to the danish no to the euro , you said , mrs fontaine , to have a nejsidan appellerat irrationell fear . 
if you had been better informerad would you know that your beskrivning bar. and only on a ungefä. is true into approximately 20 % of the danish nejsägarna . 
for a large majority of the vote nejsägarna has centred on the democratic legitimiteten to take decisions relating to our economic policy . 
madam president , i would like to thank you for the kondoleanser which you framfört on behalf of the european parliament and which we all our racism here . 
unfortunately , the downfall of the 79 and 80 victims of altaret for rederikapitalets profitering . 
how much to some than to the responsibility of the besättningen so can no tvivla on the fact that båten was over 35 years old , that it is not really should be on the road to the sinking of the very soon and that it could not therefore räddas more lives . 
with its privilegier rederierna has always had the greek governments at their side . 
there is more than one hundred historic people in europe which meet the requirements to be a nation , and there are millions of people in europe , which is nationalister and which are samhörighet of their nation . 
madam president , after having listened to my danish colleague , you understand what the level of a debate in denmark , which led to a no . 
however , a decision has been taken and we must respect this . 
it should , of course , i do mr davies . 
madam president , the racist tilldragelserna in germany since our last parlamentssession forcing me once again that , unfortunately , do the floor . 
however , if mr wurtz vidhåller of this proposal on the tisdag i shall ask if there is any previous speakers have done , which is against this and villig to express its opinion on this basis . 
if mr wurtz is proposing a kompromisslösning , which means that his proposal uppskjuts to thursday , should the question , in this case , will be the for tisdag . 
i förmodar that that is the case . 
mr maccormick , with regard to the agenda for friday inlämnades your proposal after the tidsfristens utgång . i can therefore already answer you that it will not go to the vote . 
this is why it is not some amendments for friday . 
i will give you the floor , to which a procedural motion , if you really want it . 
madam president , i can see that , on friday , to the oral question on the språklärare which infördes on our agenda extremely late is no bifogat motion for a resolution . 
i realise that my request that this would bifogas inkom too late in the rather kaotiska omständigheterna on monday . 
this is an important issue , and i wonder if it after the debate avslutas can a time limit had been established for the ingivande of the motion for a resolution to it the subject . 
madam president , ladies and gentlemen , commissioner , to begin with , i would like to express my satisfaction that the proposal for a regulation on the common principles of the european forestry - and regionalräkenskapssystemet , even in the community ( 95 ) . 
i am talking about the great satisfaction that , because of the fact that , with this regulation gives us a system which provides jämförbarhet and transparency in the beräkningen of budgetunderskottet in the various member states . 
we will focus istället us on the path towards a seriös bokföring in order to avoid the beteenden which , as i have just cited , is not particularly open , and sometimes even bedrägliga . 
i repeat , therefore , that , in my opinion , should the council common position support . with this regulation införs a övergångsmekanism to the european räkenskapssystemet even ( 95 ) which , in fact , guaranteeing jämförbarhet and transparency in the member states in the public räkenskaper issues so simple and important as the , which is about beräkningen of budgetunderskottet . 
with the approval of this guarantee is also the possibility of a proposal on övergångsperioder can actually hindras by the possibility to be in a position to reject densamma , if it is not välgrundad . 
to take one example , says that the social avgifter which employees have paid into is no longer enough to that they should be able to have their pension rättmätiga . this is in many cases not true because , in fact , there are bokföringsknep which rättfärdigar that we say to the employees who have arbetat throughout their life : this there is no money to this . 
when the time is to be the mogen hämta efterlängtade pensionen . 
really , this is not true , for there are bokföringsmässiga knep . it is , therefore , a good thing that knörr borràs bifalles report . 
mr president , first of all , i would like to thank all the speakers for your comments . 
it is clear that the aim of this document as fatuzzo said , is to try to ensure that a ceiling that figures be in accordance with the reality of that situation and that it is not undervärderingar of the public budgetunderskotten . 
the work put the of the parliament and the council have been extremely useful . 
the commission accepts in its common position , which , on the whole , the council already also the various amendments , which was raised by parliament at the first reading . 
however , the systematic two questions to which , to some extent has not received a förtydligande . 
for this , the first of which is the article 7.2 , which is the possibility that the commission should have a certain framework for godtycke when it comes to grant övergångsperioder . 
in this case , it is the case that it is the only the commission is asking for is that these perioder really is rättfärdigade . 
therefore , we can accept the problem , but that the commission should åta itself to grant these ansökningar , on the condition that the member states , in a way , on the sakligt svårighet before they can be at a omedelbar application of the rules in the regulation . 
we believe that clearly must apply to both hållen . 
the commission must , of course , not neka these perioder then there is objektiva reasons , but it is oundgängligt that there will be objektiva reason to be beviljad a övergångsperiod . 
otherwise , we would be limited to fulfil the purpose of regeln . 
the second question is about värderingen of mervärdesskatten beräkningen and of the resource in addition of own resources which erhålls by mervärdesskatt . 
given of the amendments which , once again , presented in this matter is the commission undertaking , of course , to take a different approach , because we do not have any difficulties when it comes to base . 
in this specific case , i would like to mention that the commission at the first reading had åtagit itself , to bring forward a proposal for a regulation of the european parliament and the council in order to deal with the specific question . today , i can tell you that the commission adopted the proposal on 20 september , and that it has already committed to parliament and the council . 
companies in the european union , particularly in the tillväxtindustrier which högteknologi - and bioteknikföretag , could not use its full potential , but better access to risk capital . 
effective riskkapitalmarknader is also a prerequisite for the development of the entreprenörskap in europe . 
in the meningen i agree completely with the skinner when he says that it is of crucial importance to small and medium-sized enterprises , open and fair access to the new riskkapitalmarknaderna . 
according to a just gjord studie , which has , in the commission communication , this is also a very effective instrument with which to increase employment , because the between 80 and 90 % of the finansieringsmedel which will venture capital from the normal used to anställa more people ; in other words , more risk capital , gives us the opportunity to use our human capital more effective . 
i therefore fully support the paragraph 23 of the opinion that we should call on the commission to leave us regular basis informed of any new development . 
the draft directive on the tilläggspensionsfonder is important for the growth of risk capital in europe . 
the committee on employment and social affairs wanted refer to the results of the recently framtagna report on tilläggspensioner , above all , on the försiktighetsreglerna . 
institutional investerare which försäkringsbolag , investeringsfonder and pensionsfonder alltmer plays a dominant role in order to provide venture capital . 
pensionsfonder in particular have become more important in the past decenniet all because the demografiska changes are the need of the pensionsprodukter . 
förskjutningen against the instrument which is more funktionsinriktade has also increased the need to reform the system . 
the development in the course of the last few days , with the individual currency has been olycklig . 
furthermore , we demand a skattesystem which , on the one hand , to the encourages innovation and , on the other hand , support the privatpersoner investerar as the capital of companies . 
therefore , i also welcome the överenskommelsen from lisbon to introduce benchmarking in order to bring the whole of the series of the best modellerna to support for the riskkapitalet on the table , so that we will be able to be on . 
mr president , ladies and gentlemen , allow me to congratulate the rapporteur started to the skinner report förståndiga , precisely at a time when we need new incentives in the area of risk capital within the european union . 
the rapidly growing companies , new företagsbildningar with great innovationskraft and the rasande rapid industrial förändringen requires effective markets for venture capital . 
growth must stöttas better . 
although riskkapitalet over the past five years has increased considerably , too , of us , is europe in this respect are still far after the united states , above all in the still quickly growing areas informations - and bioteknik , but also in the case of hälso - or sjukvård , a completely new area , which are growing in all , more take account . 
the committee on employment and social affairs has particularly addressed with the various forms of tilläggspension and the kontrollföreskrifter which this requires . 
for the pensionssystemen developed all the new financial products more precisely on the basis of the stigande medellivslängden . 
therefore , playing a more important role in all pensionsfonder riskkapitalet distributed . 
however , therefore , need the social trygghetssystemen , how the than may be konstruerade , precisely in the special kapitaltäckningsförfarandet regleringar , bodies for monitoring and codecision , which should strengthen the confidence of these new systems , for these products . 
this is why it is also essential that all parties are persistent intresserade in dialogue with one another , including the european parliament , the council , the social partners , the european investment bank and the european investeringsfonden . 
in the european union , it is not often be the fact that it is the overall proponents and agents will it with . 
all the financial instrument which is funds available , the energies of quickly vidareutveckla market , in order to increase the omfattningen on riskkapitalinvesteringarna in the eu , so that the riskkapitalets arbetsplatsskapande benefit really can make all the operators to , above all , need . 
by investments in företagsbildningar will also jobs . 
in order to be able to build up these success of medarbetarna plays a crucial role to play , and is the drivande kraften . 
therefore , also systems for delägarskap , knutna medbeslutandemekanismer , to be . 
the reasons for this is of the greatest importance . 
as a whole , i would like , once again , to emphasise that the communication from the commission entitled , kopplat to this report , once again , can be a very strong impulsgivare to förena proponents and agents in the riskkapitalsektorn . 
mr president , it is known for many years now , the european parliament , with many rapporter and resolutions have shown its commitment and the interests of the small and medium-sized businesses and their problems . 
the important role which the small and medium-sized businesses will in order to promote employment and introduktionen of technical news has betonats in many ways . 
despite this , in the interest that the governments and the member states is often be hypocrisy , because the small and medium-sized businesses in reality is oförmögna to participate in the financial assistance programmes , to learn the benefit of the technical moderniteter and technical moderniseringsprogram , to learn the benefit of yrkesutbildningsprogram for their staff , and to deal with the unfair skattemässiga treatment that they are facing . 
these problems would be able to bemötas with a revision of the bankernas very tough finansieringskriterier , to learn the benefit of their föreningar and handelskamrar for that in this sense the promotion of technological development programmes and radical utbildningsprogram . 
this is certainly a provokation for the public känslan , to propose a european enad finansmarknad betjäna for small and medium-sized enterprises , which are , they it . 
the same thing applies to the proposals on the european pensionskassor orienteringen , against the funds and social försäkringskassor , whose aim is to finansiera högriskinvesteringar and have a gynnsammare skattebehandling of vinsterna . 
is , of course , lösningen on the problems which are förknippade with the unfair skattemässiga reading of the small and medium-sized businesses , the förenklade and moderniserade patentregistreringsförfarandet sänkningen , of the extremely high administrative expenditure and inskrivningsförfarandena all on the right track . 
however , we believe it to be a provokation that the major finanskapitalets tillmötesgås requirements , and we condemn this . 
i call on the european commission to skynda on when it comes to the guidelines for the additional pensionsskydd . 
with the iakttagande välbetänkta rules of the institutions must be given full investeringsfrihet . 
the member states must then befria utbetalda pensionspremier from skatt . in this way , a source of privatkapital be built up . 
but förfogandet of capital is not the only one hindret . 
often , it is also the famous virrvarret of rules and formulär which avhåller firms from that anställa staff . 
this is therefore a major task for the many member states : to embark on structural omorganiseringar and abolish unnecessary obstacles . 
this is to the advantage of the regim konkurrensförfalskningar . an application must , therefore , be able to be made in each of the officially languages . 
a true likabehandling of languages , i believe , in fact , be in the small , innovative enterprises interest , and it is , moreover , in accordance with the eu , the treaty . 
another oroselement is pointed out that patentera naturresurser , such as gener and växter , which , according to me , quite rightly , is just cited in paragraph 22 of the motion for a resolution . 
övertygelsen that life is heaven &apos; s gåva and not something människan can take , are always respect . 
mr president , the report should skinners välkomnas . 
this is the objective that we constantly take forward as hörnpelare , not only in the guidelines for our economic policy , but also in our employment policy directive . 
we are all to problematiken , but we have , of course , hämningar which seriously försvårar risktagandet and företagandet . 
this must be nogsamt to point the finger at the cultural barriärerna as well as on the bureaucratic processerna , problematiken around the tillståndsgivning , difficulties with the simple patentansökan and patentgivning for small and medium-sized enterprises , the cost of the patentunderhåll but also , there is the lack of coordination in the skattesystemen . 
a europe of companies need belöningar chanser and which will , above all , need to all . 
therefore , the formulerade they support fully . 
this is a konkurrenssnedvridning to the detriment of the public riskkapitalet . 
fourthly : how do you ensure that the stronger inkludering of pensionsfonder in riskkapitalet which efterlyses in the report do not lead to possible losses of the inbetalade beloppen and , therefore , opposed to run in the direction that the objective inbetalarnas candu itself a trygg levnadsafton ? 
fifthly , it remains unclear about this why fusioner on kapitalmarknaden would give to the positive effects of the tillhandahållandet of venture capital . 
erfarenheterna , motsatsen . 
of course , the fewer leverantörer desto less competition and desto higher costs . 
mr president , i would also like to congratulate my colleague mr william peter skinner , for the excellent report , on an issue i consider to be of the highest importance . 
for the european union to be the most dynamiska economic region in the world , which beslutades during the summit in lisbon , investeringarna must , above all , in the small and medium-sized businesses , which creates jobs and is to concentrate on the framtidssektorer , have financial support . 
we want to have a more active företagsanda in europe , but there is still a large number of difficulties for the , which would be the businesspeople and to implement the lönande projects . 
difficulties , which we must quickly övervinna in the various countries of the european union , the start of the administrative aspects , with the bureaucracy , which in many cases is unnecessary and take time , energy and money , and to that end , as a result of the finansieras . 
with the business risk capital plays a very important role in this area , and the european union must go forward very rapidly , if we want to be ikapp eftersläpningen in relation to , above all , the united states . 
above all , it is necessary to europe in all , higher extent to get involved really projektens merit and not on företagarnas personal egendom , which is at the moment . 
if the bankernas requirements on the personal finanserna is very diskutabel , so is the completely unacceptable when it comes to companies with the risk capital . 
it is also necessary to make it easier for the företagarna to use the results of risk capital , which requires a more active and effective ömsesidig information about its use . 
( inledningen not hörbar ) ... which will encourage the only a minority of the population which has capital from placing and put all the items in our programme . 
all the proposals illustrerar once again that the european union was built at the exklusiva storkapitalets idea to encourage the development and investments and underordnat small . 
the majority of the population is concerned , however , for it is with their money , which the european institutions are finansiera measures underlättar private investments . 
the not disponerar over a capital but which represent a major part of the skatterna , among others by indirekta skatter and including momsen , would therefore have to be finansiera the precise skattesubventionerna and skatteavdragen for investerarna as well as the skatteförmåner granted to aktieoptioner . 
it is planning to encourage the pensionsfonder but it does mean oundvikligen to be encouraging pensionssystemet by distribution . 
the money which should be used to ensure a hygglig pension for all should therefore be used to give a minority the opportunity to create more private profits . 
we , however , remember that those programmes for venture capital is earlier than the lisbon , because it is from 1998 . 
however , the previous omständigheterna intressanta is not the same as what we will do in the future . 
some of you have talked about the two specific examples which i would like to highlight . it is about pensionsfonderna and the possibility to have a more effective gemenskapspatent which will a better use of the riskkapitalet . 
when it comes to pensionsfonderna , i want to tell you that the commission this week should adopt the proposal for a directive which provides greater pensionsfonderna investeringsmöjligheter in värdepapper in the whole of the union . 
we are , of course , on the additional pensionsfonder , and we are not talking about a responsibility to do this . 
we are talking about to eliminate current obstacles and , therefore , should not the problems some of you just cited on the future risks uppstå . 
of course , the call for öppnandet of risk capital , a correct conduct of the förvaltarna minimera with a view to the possible risks which could uppkomma . 
when it comes to gemenskapspatentet i would just mention that already in july , the commission adopted your proposals on the gemenskapspatentet . 
some of you have also just cited the problem with the public funding when it comes to venture capital and , no doubt , it must be the public tydliggöra finansieringens förenlighet with all normgivning of competition . 
some of you asked why the public funding , it was a supplement to the private . 
there is no desire to suspend but only a desire to use the disponibla resources in the best way . 
it was not the right that the public funding to compete with the private funding in the financing of the riskkapitalprojekt , and we should use the public financing of the projects , which , it is to be svårast finansierade of the private sector . 
from the point of view we do wonder about the best way to use the available instruments , particularly the european investment bank and the european investeringsfonden . 
the commission will also in the mitten of october to publicera a second communication which we should hope you to the council and parliament . in this analyserar we , the various finansieringsinstrumenten which förvaltas of the commission and the framtidsutsikterna in this issue which is so fundamentala riskkapitalet . 
finally , i would like to mention that i believe that the report by the committee on economic and monetary affairs , is an excellent and important contribution , and extremely constructive , for the work of the development riskkapitalmarknaden . 
even in the countries where the work is it in a different way than the system on the other hand , the atlantic . 
at least , can be set up on the issues which the pensionsfonder quite quickly . 
thank you very much , mr solbes . 
the debate is closed . 
the vote will take place tomorrow at 12.30 . 
the third meeting asia - europe in seoul the 20 , 21 october ( asem iii ) 
the next item on the agenda is the commission statement on the third meeting asia - europe in seoul the 20 and 21 october ( asem iii ) . 
mr president , the third summit in the asem process - will soon be held in seoul in three weeks . 
i believe that it has been a lycklig omständighet that the summit is to be held in korea will soon after the historic koreanska summit which öppnade dörrarna for conciliation and a future återförening . 
of course , this will have significant positive effects for the safety , not only the regional , but also of the global . 
the will to be mognaden in a process which påbörjades for four years ago in bangkok . 
the process kompletterar bilaterala our relations with our ten asiatiska partner , and our , given that to the asean and contribute to integrationsprocessen in asia and europe . 
- the asem process is uppbyggd around the three pelare : politics , the economy and culture . 
- the asem process has underlättat asean + 3 - the process and even more närmat nord - and south-east asia . 
its mötesstrukturer between finans - the economy - and utrikesministrarna is asem - model is drawn up . 
in the union needed to , and we also need to learn that the effective förvalta a process which are intended to promote the political dialogue for the economic fördjupa relationen between the two regions and increase the personal and cultural official contacts . 
the process based in a jämlik , given that . 
by that to the original idea to develop this dialogprocess as a process between the jämbördiga partners and to uphold the so informell as possible , without a institutionaliserat secretariat , we have managed , despite certain difficulties , to work to convince our asiatiska partners that we would like to have a terms with them on equal conditions , be removed from the givar - mottagar - relationen and all postkolonial attityd . 
this is the starting point is of particular importance for our work to consolidate , fördjupa and increase the political dialogue . 
while our asiatiska partners give preference to the issues which förenar us and suspend the other , we have pläderat for a broad agenda , but to suspend any question . 
our partners have accepted the principle , in exchange for guarantees klokhet and able to make sense to have företräde then diskussionsfrågor väljs . 
the issue of human rights is , of course , the which give cause to flest problems , together with avvisandet of inblandning in the internal affairs of and the other arguments which we know well . 
toppmötets ordförandeskaps statement and also samarbetsramen between asia and europe will clearly to mention this problem . 
i would also like to add that , in the framework of the asem process , this will be a positive serie seminarier on human rights which , together with asia , europe - stiftelsen . 
säkerhetsproblemen , which is of particular importance in the region , will play a significant role in the process , and it can be värt to mention publikationen separately of a statement on the koreahalvön example in this situation . 
leaders will also to devote itself to the fight against cross-border crime , in particular in the light of the recently utspelade tragedin in dover . 
exploateringen of illegal immigrants , women and children , particularly in the increasing sexindustrin , will not only be the subject of debate , but we will also take the initiative to fight against this our tids farsot , which is kopplad to poverty and insecurity . 
when it comes to the economy is in 1993 a betydelsefullt date because it markerar this critical moment , then our export to asia översteg it to the united states . 
second : the asem summit , which was held &apos; s in london in 1998 löste success of crisis . 
we support our asiatiska partner , and we take concrete measures , as the important commitment with regard to the trade and investments , which the previous vände trenden and banade road for a significant handelsunderskott with our partners . 
the creation of a kreditfond , the establishment of the european finansexpertnätet and of the fact that , with two åtgärdsplaner on underlättande of trade and the promotion of investments , is a number of other practical measures , which shows that europe bryr itself on the asia . not only in the good times when , but also in the kristider . 
the next summit will make it possible to bokföra frukten of our efforts and confirm the steps which away in a more operativitet and effectiveness . 
furthermore , the leaders will discuss the essence of the new economy , globalisation , and the experience which dragits of the crisis , the creation of a transeuropeisk - asiatisk supermotorväg to facilitate official contacts between forskningsinstitut and discuss the new teknikernas effect on the economic life , including action to encounter the for each day , which is more digitala frakturen . 
as a a of the current global situation have a trygg energiförsörjning been presented to the agenda , including the oljan . 
the need of a general multilateral legal framework for handelssystemet , världshandelsorganisationen , and the need to maintain its role in the globaliseringseran will also be a basis in the discussions between the leaders . 
it is a part of our strategy to achieve consensus in favour of a omedelbar the beginning of a new global round . 
it is important that the cultural fylla tomheten between our two regions . 
the need to increase the medvetenheten , the thrust of the knowledge with a view to stimulera understanding and have removed felaktiga ideas have been important objectives in the asem process , ever since the beginning of its . 
asia - europe - stiftelsen have in the significant extent bidragit to this objective . 
leaders will decide on the other initiatives in order to increase the exchange of studenter between the regions , modernisera lärostrukturerna , intensifying co-operation , for the development of the human resources and utbyta comments on the recently inträffade sociopolitiska events . 
we regret , therefore , that our asiatiska partners does not yet was willing to studera the creation of a social forum , in the asem process - , which would represent the civil society in the same way as asia , the företagarforum represent näringsidkarna . 
the proposal will of organisatörerna of the forum . 
from the point of view , it will organisatorisk and logistisk koreanska publicera presidency that a statement by the presidency , which , in addition to the problem under discussion of the leaders , should innefatta issues as the reform of the united nations , nedrustningen , vapenkontroll , the fight against aids m.m . 
the final text reflect the discussion between the leaders , however , already have a good work done . 
therefore , the presidency is responsible for the uppdatera it during the summit . 
it already to the statement from the seoul on the koreanska halvön acknowledge the importance of the past and recognise the progress being made policy to integrate nordkorea in the international community with a view to in a fredligt way , one of the two koreanska states . 
finally , the 2000 for cooperation between asia and europe , a uppdaterad version of the first , which was adopted at the last summit in london , specificerar the objectives and procedures , which will lead to the asem process - in the next decade of europe . 
to that from the most recent version , it made to the importance of human rights , and the cooperation in order to protect the environment , to mention just two examples . 
it is the only remaining problem is the question of the medlemsstatus , in relation to which the european partners so far , opposed to the försöken to introduce some limitations on which would be able to give cause to tolkningen that some parties utesluts from the future participation . 
therefore , it is today , not least , of the asem process to be - in the european public medvetande . 
what our partners in asia have little sympathy for , it is the fact that we as to practical uteslutande befattar us ourselves , with the intergovernmental conference , with enlargement , naturally occurring in the case of the important and urgent problems in our own political subject , which , in the middle east . 
this opportunity , we must use , and , therefore , we have in fact also be the opportunity and the opportunity to create gehör for our principles there . 
this , too , can förmedlas - in the asem process . 
mr president , i do not believe that it is only if this ifall århundrade or årtusende will be european or asiatiskt , but it is about to both regions together must find themselves to the right in a new partnership . 
the exchange between the skolor , universitet and affärskvinnor and - men is lovande , europe , asia - stiftelsen are doing good work . 
the year 2000 , it is , however , of what the asem , can and should be able to prestera , what best organiseras of asem , level . 
here , the asem vision group put forward a very good motion which should also konkretiseras . 
certainly , the right of the asem to devote itself to the three pelarna political , economic and cultural cooperation . 
thirdly , concerning the political dialogue : the asem is an excellent forum to raise smärtsamma substances . 
all these substances oåterkalleligt should be addressed to the discussion . 
however , i should like to appeal to all the participant to reach a consensus on the work into clear commitments in the huvuddokumenten in seoul , on respect for human rights in the region . 
it must also riktas more attention to barnarbete in order to ensure that this practice can undanröjas as soon as possible , both in asia and in the other direction . 
europe and asia must work together in order to increase the fight against narkotikahandel , against money laundering , international crime , terrorism and the exploitation of sexuellt minderåriga . 
it is very important that an agreement be achieved during the next wto round - between our two regions , overall . 
on this last point , i would like to make asiens bräckliga economic recovery kompliceras sköra of the political situation in the region . 
we sometimes glömmer makalösa that the period of economic growth in a kvarts sekel in asia förutspåddes for a period of bibehållen political and strategic stability . 
much of the stability of the region is not today . 
the koreanska halvön is a source of fortsatt strategic instabilitet . 
återuppbyggandet of östtimor is a process which still are . 
it is not enough that we are meeting just once again was the fifth or sixth year for a parliamentary dialogue between representatives of the rumour , nepal , pakistan , sri lanka , bangladesh and buta. , this is only the countries which fall under the delegation of which i råkar be president . 
i would like to madam vädja randzio - plath , which has a strong position of in the committee on budgets , to help candu forward funds so that this delegatio. and other where such a measure would be meningsful. can leave these möten more frekvent . 
mr president , first of all , i would like to say to mr nassauer that if we must regret that the european union lacks profile in the asiatiska countries , we should also take on us skulden and admit that we förlorar occasions . 
however , this report does not deal with diplomatin and external policy , but this is strictly limited to raise the question of the higher akademisk training , if we may say so , of the diplomater and blivande european diplomater . 
there is still an opportunity missat . 
with regard to the asean ( sydöstasiatiska nationers förbund ) , we should ask ourselves what kind of relations that the european union has , or should have with asean . 
in the first place , it is not to be so , the concept for which are very different between integration in the european union and within the asean . 
it is not a political integration , not even a hope of political integration between the asean countries , and we should not ignore , as i think the speakers before me made , that the regimer which are within the asean there is very much from one another : it is totalitarian or diktatoriska regimer , also diktatoriskt hard , as the chinese , and democratic countries . 
it is therefore not förvånande that in this context there is neither real integration or the real political dialogue . 
the european union must be to look at this problem and återgå to the good and the sunda bilaterala relations , which could be of märkbart different type , depending on whether it is a democracy or a diktatorisk or totalitär state . 
i also believe that the optimism which visats with regard to the question of the återföreningsprocessen of korea is a smula excessive . 
perhaps the need for a svala at the summit between the republiken koreas president and the leader of the diktatoriska nordkoreanska regimen våren , but is certainly not yet kommen nordkoreanska for the citizens . 
i reminded you , ladies and gentlemen , that in the course of the last five years , between the two and four million people died of hunger in the paradisiska region . 
in the same way , i think it is unacceptable that the european union , in its dialogue with asia , the decision on the rumour , which is a democracy which has the same numerära importance which its granne on the other hand , the chinese , but not the same regim and not the same privilegierade links with the european union . 
i believe , therefore , that we cannot continue to ignore this chinese monster which gradually is changing to a kommunistisk , those of a new national kommunistisk those of . 
we have had this call the conflict which has varat in forty years of being between sovjetunionen and the democratic world , and i believe that this is the angeläget not to use the events such as these toppmöten to hide this major problem . 
finally , madam randzio - plath , i would like to say that , if we want to strengthen the parliamentary cooperation , we can only do this with the democratic countries of this region , that is to say with the countries which have the parliament . 
if it should be parlamentariskt cooperation , it is with these countries , and certainly not with the officials from the chinese kommunistpartiet or from other countries in the region . 
mr president , i would like to thank the commissioner for his speech in this debate and for his excellent plans . 
i believe it to be very positive , that the economic , cultural and political banden with asean and the asem stärks . 
i also think that it is a benefit to get the state , the organisations , the samhälleliga mittfältet and the citizens in these countries . 
in the indonesien is , moreover , a miljon refugees , including 130 000 in timor and 300 000 in moluckerna . 
above all , in the moluckerna , where aggressiva muslimgrupper sprider död and förödelse , is in a situation of katastrofal . 
the major kolonin molucker nederländern. in the interests of the eu itself of 50 000 - medborgar. is very orolig about the more than 5 000 döda , tiotusentals skadade and the more than 300 000 refugees . 
mr president , ladies and gentlemen , a few words , just to emphasise our major concern when it comes to timor . 
i will go into the situation between the people &apos;s republic china and taiwan . 
i believe that we should make clear that the elections of the new taiwanesiske presidenten , a historic opportunity to övervinna motsättningarna on bägge sides of taiwan , sundet , and that we should do . 
it is not acceptable that we project helping with korea in the asean - the crisis , through the lending in the international valutafonden osv . and that korea now still subventionerar their varv , as our försätter varv in difficulties in a orättfärdigt way . 
thirdly : this is a point which concerns us , but also the countries of asia . 
as has already been said , we need a dialogue between parliaments , between the european parliament and the parliaments of the ten asiatiska countries . 
you quite rightly took up the comprehensive dialogue as one of the major issues of the asienmötet , i.e. the formuleringen of the various interests . 
it is not acceptable that with interests between asia and europe will only utbyts between the government and the officials , even if the scientists and journalister generöst , does that . 
parlamentarikerna must now also be delaktiga in the process , for any renodlad utrikespolitik , it is no longer about . 
all of this is the political issues , which very much for the situation in the individual member states , must therefore be delaktiga members of parliament . 
mr president , when the japanska besöker us members of parliament in strasbourg in november , we will ask them that if possible arrangera the next meeting between the parlamentarikerna in the european parliament , and the asiatiska countries in japan . 
mr president , to begin with , i would like to thank all the speakers for their contributions to the debate and to give a quick comments . 
in the economic area , i must remind you that we have two this action plans at this time . a to facilitate handeln and the other for the promotion of investments , and both are very active . 
when it comes to the social aspects , we proposed once again a new body , the social forumet , which would represent the civil society . 
as i have just cited in my presentation was the asiatiska countries not in favour of this proposal , and we regret the situation . 
when it comes to the parliamentary cooperation , i would like to remind you that there have already been two möten , a on filippinerna and one in portugal , on the cooperation between the young parlamentariker . also , the european parlamentariker have taken part . 
any further with regard to the activities of interparlamentariska relations , we believe to be an extremely positive . 
with regard to kommentarerna relating to certain specific countries , i would like to say the following . first of all , when it comes to burma , it is clear that it is not one of the countries which participate in the asem process - and there is there is no intention to allow the country back in densamma . 
it is a situation which the discussion at every opportunity , then there were a political dialogue , and it is clear that omständigheterna objectively , it is not possible to go further in this direction . 
i have not received any reply to my speech on the moluckerna in indonesien . the problems at the moment , there is more serious than in timor . 
there are 300 000 refugees . 10 000 is troligtvis döda , tiotusentals have skadats . 
it must not be the case that moluckerna not raised in the asem , negotiations . 
intermodala terminale. this received an we be in order , because , in the us , the council thought not at all this , although terminaler in a future european transportpolitik will , of course , to play a much more significant role than perhaps today . 
the ports konkurrerar with one another , so it should also be . 
however , in order to create a jämlik competition has parliament krävt , that we should not promote the overall strukturen , but that it is the best of its infrastructure which will främjas . 
this principiella , when the council has so far not been able to accept the huvud as to , the commission does not , in any case , be . 
therefore , we must find common solutions in the way that this jämlika konkurrenssituation are drawn up , when it comes to infrastructure . 
a glädjande point in this dossier is to ändringarna in the project no 8 , obviously , has been adopted by the council . 
parliament accepts this . 
therefore , the council has , however , once again , for all the accepted that medbeslutandet is essential , too , of the 14 essen projects from the important . 
what we are going to decide on tomorrow is finally materials to förlikningsförfarandet . 
i would like to explicitly show my comments to the french presidency bemödanden that already at this time to come forward to a gemenskapsförfarande . 
recently , mr president , are forcing me to conclude my taking full but i cannot allow that to be , then we are talking about sjöfart , and also , i express my deep mourning as a result of the medmänniskor who lost their lives , passagerarna in one of the many boats , which is necessary for the betjäna many of the greek islands , which are so also need our clear interest . 
this must always be there because the many islands will continue to be with all their säregenskaper and cannot avskaffas . 
mr president , commissioner , ladies and gentlemen , i would like on behalf of my group to thank the utformaren of the report for a grundligt work in this important issue . 
the transeuropeiska trafiknäten has explicitly to the task that binda together the various areas in the eu , to the common market is to be able to work effectively . 
utformaren of the report has , however , on the issue of all of the major hamnarnas perspective . 
the number of tonnes per frakt is an important standards , but it berättar do not always have the whole truth . 
mr president , within the european union , there is a large diversity , and yet we are inclined to likrikta and centralisera . 
the report and the amendments actually deals with a number of very different states of affairs . 
just as in the previous behandlingar of the reports on the dumping of waste in the sea and on the luftfarten , we must make the åtskillnad between the nord and syd , between the large and the small , and between the policy which has profit as the objective and the policy that has the environment that objective . 
it is , therefore , not easy to consider all of the european union that , following the same benchmark . 
some see in the report and the amendments the chance to improve omständigheterna small hamna. ports , which is an irreparable loss of kommunikationerna and överlevnaden to remove öar and in the regions that have been affected . 
according to this opinion should all the small ports and any färjehamn with comprehensive turisttrafik be included in the european list . 
then , as the main objective hamnpolitiken have to support the regions of the union . 
where is bitter competition , among others , with as low as possible tariffer offer to so many faciliteter as possible to the transportföretag . 
it is , with a view to rotterdam , that will be a mainport this applies , where all the goods , which will lead to the european west coast from other kontinenter must lastas on to the ships which distribuerar them to the omkringliggande ports . 
even the other major ports strävar after the growth and dominans . 
competition takes place in bekostnad of the environment and the storstädernas financial scope . 
a european hamnpolitik must combat this , and achieve a dissemination of lasttrafiken over a wider area . 
this is not , unfortunately , be included in the proposals . 
mr president , the existing networks tänkta transeuropeiska is to act as a länk between the different regions in the european union , not only as a transportnät , but also to improve konkurrenskvaliteten , and thereby have increase employment in certain regions . 
therefore , the emphasis is on the trafikleder between the member states . 
only logical , this means that the focus on riktas against the projects which are of cross-border importance . 
trafiksituationen within the various member states is far removed from identisk . 
in the southern member states , it is primarily the way - and järnvägstrafik is for kontinentala transport , while the havs - and sjötransporter plays a significant role in the nordligare countries . 
against this background , it is , of course , and also that these transportsätt interaktionen emellan them , are in the transeuropeiska existing networks . 
above all , must , of course , the transportsätt which is least miljövänligast room and is included in the transeuropeiska existing networks . 
kusthamnarna is often start - and for the slutpunkt lasttrafiken in europe . 
this cannot be in our interest . 
in the investeringarna transeuropeiska transportnätet is meningsfulla first , when we create real nät with the broad täckning which all the citizens of the union can take advantage of . 
a framtidsorienterad maritim strategy must not be exklusiv , but inklusiv . 
i would ask the rapporteur and the speakers for their reasonable support . 
mr president , i would like to thank the piecyk , for the work he has been . 
the question of the inlandshamnar and the intermodala terminalerna is very convoluted and i would like to emphasise the wide consensus we have achieved . 
we all believe that the transeuropeiska transportnätet should be a multimodalt nät . 
we also believe that we all feel that it should innefatta the core has come . i believe , too , that we believe that the current provisions for the transeuropeiska näten with regard to the ports is not satisfactory , and to the strengthening of the role of the hamnarnas nätet that will also serve to reinforce the transeuropeiska näten . 
i believe that the commission and parliament are very much in agreement in most parts of the european debattens ämnesområden . 
we are in agreement on that innefattandet for many of the ports in the nätet can affect the concept of transeuropeiskt and that we must therefore innefatta inlandshamnar of major strategic importance . 
we support the ändringsförslagens intentions , but we cannot support the formuleringen of these . 
on the one hand , because we believe that it is the olämpligt to talk about the financing of these guidelines , and , on the other , because we believe that it is not necessary to do this reference . 
the truth is that the typer of projects which this parliament , when it talks about suprastrukturer not going to be included in the projects of common interest and , therefore , the no funding . 
therefore , this is a debate which is on the way and was unnecessary . 
the major kapaciteten making transport more efficient operativt , and this gives the profit for transportörer as well as consumers . 
no longer bussar will also a more effective use of the roads , and this means miljöfördelar . 
they must , in consultation with the kunden , to be able to identify how many axlar which is needed in order to be able to fulfil säkerhets - and viktbestämmelser . långtifrån bussar all have the same high burden , see , for example , on the vip - bussar . 
this means in practice that driftskostnaderna should not are affected by cold unnecessary effect by tillägget of a third axel not really is needed . 
at the utskottsmötet proved to many instämma in this , and that is why i have , for my parlamentsgrupp , once again made into the amendment tabled with this innebörd . 
let us look at a buss , a major buss . and the environment on the one hand , can this farrago itself on a situation which , in the sanders - ten holtes example , where billigare and more efficient transport , that the small businesspeople in this area möjligtvis can serve more , to make profit osv . 
on the other hand , sjunker prices , and this will probably the extremely noticeable effect to the demand of the extremely billiga busstransporter stiger considerably . 
in other words , can i instämma in an extension of the bussar from an environmental point of view and a number of other considerations . there are , however , a number of bieffekter really not be regulated in this directive , and which cannot be regulated in this context , but we would still like to ask you to . 
i believe that a övergångsperiod , then industry can match itself , is a good thing . 
the three axlar is , sanders - ten holte mentioned , not always necessary , but it is more important to establish a good directive . 
mr president , commissioner , first of all , a gesture to the of the rapporteur hatzidakis , for his report . 
bussarnas european standards can te itself as a trivial issue , but that is not the case at all . 
the dynamiska internal market which we have objective which can genomdrivas just about all the spelare follows the same rules . 
the egentliga drivmotorn in development , the pure competition , is then åkerierna can offer their cross-border services . 
in finland , we have , as long as no greek åkare , but the skotska have already received a stadigt forfäste . 
sparsamhet lönar itself . 
in order to continue the positive spridningen of competition , we must harmonise standards for bussarna . 
uniform standards , kostnadsbesparingar also for the manufacturer , which märks in biljettpriset and in the eu - the plånböcker . 
the rapporteur hatzidakis is right in that it would be unreasonable to ensure that övergångstiden for bussar in the home bruk would end on already the year 2009 . 
we must do the eu - vänner by skrota bussar which is in good condition for the early . 
approval of the minutes of the previous sitting 
are there any comments ? 
( the minutes were approved ) . 
we decided in the gå. and it is also in the protokolle. that we in the thursday to discuss the developments in the middle east . but we have not set a figure of usd any frist to deliver the motion for a resolution . 
i propose that we fastslår such a frist , both for the egentliga förslage. it could be in the evening kl . 
18.0. and for the amendments which . we should try to make the fristen to as late as possible tomorrow , so that we can take account of the possible results of the meeting between the ehud barak and yasser arafat tomorrow in paris . 
i would ask that we establish this frist and that it will be as long as possible . 
i have received a request from the european socialists , that the debate on the situation of the peace process in the middle east , which take place planerats thursday afternoon , to avslutas with a proposal for a resolution . 
i receive this request , go to the vote . 
madam president , mr president-in-office of the council , mr president of the commission , i like to agree with you , mr prodi , when you do highlight borders for the current mellanstatliga model is drawn up . 
in order to succeed , v. i am certain o. one delaktig democracy , social progress , solidariska relations , projects in civilisation and etisk inspiration . 
i heard nothing about it this morning . 
we need , in short , a policy of termens ädla importance , for i believe that it is through this which is the future of the eu . 
madam president , the danish folkets the decision of 28 september on the participation of the european valutasystemet will probably be figurera at the european council meeting in biarritz . 
governments in the eu member states must now seriously consider what has happened in denmark . 
the danish decision will , two months before the eu ledare should mötas in nice , for the reform of the eu treaties , and the current policy . 
i support the enlargement of the european union . 
enlargement will help to strengthen democratic and civil structures in the öst - and centraleuropa , wide be marknadsekonomierna and help to build a european continent which is at peace with itself . 
the eu , the governments of the member states is , however , difficult choice . 
we cannot deny that the danish people using the folkomröstningen recently as a vigilant in confidence in the structures of the european union . 
this is what the charter demand . 
let us not start by breaking off against the before we even have were to apply it . 
it is this the right to difference and respect that should form the material for all the institutional debate , in particular , in biarritz . 
it is vital in order to prevent the current avsteg , between harmonisation and so , unification , which quite rightly upplevs so illa of they . 
it is , unfortunately , the way that the intergovernmental conference seem like to follow , to look on the extension of the qualified majority . 
the environment , for example , will not be protected better for that we want to introduce a policy in which it bortser from the economic reality and the public needs . 
let us therefore draw benefit of the current discussions in the intergovernmental conference , to finally omdefiniera a system which reached its gräns . 
the current mission to extend the vote to the qualified majority will not conduct in the europe of the citizens . 
it will , instead , to ask them to hand , which do not accept enhetstanken . 
in a europe of how many speeds , you have the us ? 
there are a number of roads that utforska . this is a few . 
we must , for example , to accept the promotion of , and the principle of subsidiarity . 
europe must limit its powers to those member states which can effectively do not do themselves . 
the previous speaker spoke to all of the charter , because it is a good policy which förenar the classic rights from the 1800 statements - with the modern rights from the 2000 - statements . 
it is a charter for the citizens who have participated actively in its utarbetande . 
with regard to the biarritz i will enable me to point out that it is not far from it to nice , but , above all , nor particularly a long time . 
it is still quite openly on the member states in nice will be enas on a new treaty . 
the french presidency approach that we want to be , but rather than the treaties have a bad , i believe , be sensible . 
but uppfattningarna on what is a good or bad treaty is , however , the milsvitt from one another . 
furthermore , the förskonas the french presidency , not from the criticism of the leading european diplomater because of their way to lead the negotiations . 
the first is the method is chosen , metoden with the convention itself , this does blandning of national and european berättiganden , even if it has been the case of a fourth bedragare , as commissioner vitorino pointed out . 
the french presidency has , therefore , a great responsibility for the specific and real results are achieved in nice , and the new treaty , to create a european union for the new members . 
we must resolve the institutional issues and to give a clear mandate for the continued work on a european medborgarvänlig and understandable författning . 
this författning should be included in the charter , and this message , i hope will in biarritz . 
it is for us , liberaler , of course , and this must be kristallklart , that the current intergovernmental conference must be the last one before the new members släpps into . 
unresolved questions on the future of the eu will not be as europaprojektets intäkt for further to in our historic task to one europe . 
the eu will never ready , but in the future the discussions , the candidate countries actively deltaga . 
metoden from the convention itself is perhaps a lämpligare method than these regeringskonferenser which we have had in the past . 
expectations for the meeting in biarritz is high . 
a few words , i would like to say about konventmetoden . 
it is true that it is better than an intergovernmental conference , me. make up , ladies kolleger. also the convention itself was tvunget to come forward to the unanimity of every word and in slutfasen , say , in the case of to take decisions , were we to northern ireland see as an intergovernmental conference part 2 of our which should call on the presidency to negotiate with the member states , and not with the members of this house , and not only with the members of this house . 
in other words , i believe that the problem of unanimity , not only when it comes to the outcome as a whole , but also when it comes to the individual delarna in the charter , once again , has shown itself to be a serious begränsning when it comes to the content of the charter . 
the president of the commission , mr prodi , you referred to the folkomröstningen in denmark . i believe that this vote is an expression of a obehag which goes much further than the country back självt . 
many europeans are , to the frågande to the situation , and to its objectives and with the meningen with it . 
we are talking about the crisis of confidence of the institutions , i am thinking of a crisis of confidence which , in particular , is what makes the difference between the social expectations and oförmågan to deal with them . 
while the growth utvecklats orättvisorna has become all the more unacceptable . 
however , we know , of course , that development is not positive , it is better to say that it is . 
you , as well as , we owe that to be fully consistent , but there are two things which must be done : the first is to say immediately that nice is bad , so utlöses an internal crisis , even if it would lead to the commission avgår , if that would be needed . the second is to say the same clear that the enlargement process is not to implement the if we do not first carry seriös reform . 
europatanken of haverera on the basis of the kompromisser , not on the basis of the crises . 
the crises , when the means that the ideas now against one another , is hälsosamma . 
mr president , as all the good cyklister does mr prodi a ryck at the right time . 
this is the känslan we should face inlägget today , a speech , which gives the new hopp . 
i would like to concentrate strictly at two things which raises two different racism : glädjen over the charter and bedrövelse over the result in denmark . 
two different results , but , in my opinion , tätt knutna to one another and förebud on the new times when . 
in the vote in denmark deltog close to 90 % of the population , a level which otvetydigt vittnar befolkningens of interest when it comes to the part of the european practice . 
the result , as we respect is fully , however , is that the people of europe still seems känna itself far from the european idealen . 
the problem is probably in general . 
we must say to us after 50 years of the community , it is probably a sense of samhörighet of a europe that is not only a geografisk beteckning . 
admittedly , will the present internal borders and morgondagens common valuta , when the will of the omlopp , to be effective and necessary symboler which , in the form of the directly affects everyday life , will help to strengthen europatanken , but they will not be strong enough to satisfy the requirements of höras more and that their interests , and , above all , their hope will be better företrädda . 
it was the uppdraget from köln , and this is also what the charter can do , whether it is now to be binding or not . 
the charter should be a living thing instrument , legally and politically . 
legally , one can imagine other ways , for instance , than upprätthållande avtvingande at the ec - the court of justice . 
in the europarådet and the ilo has , for example , the experience of the very rapporteringsförfaranden , expertkommittéer and kollektiv klagorätt for fackföreningar - and the state organisations and , in this way , the charter can be monitored legally . 
this latter vision must , however , is not to be limited , in advance of the upprättade borders , but should , even if the behålls within the framework of a accepted the legal and institutional framework , to make it possible for the member states who are willing to go on with a more political intensiv increased integration , and to other överlämna the possibility to comply with the when they believe it to be appropriate . 
it is about to allow each have their own political projects for the union in a mångfaldens harmoni which , in the basis and the bottom , already prövats vinnande as a solution in the history of the european union . 
mr president , in common with many others in this house , i welcome very much what mr prodi said us this förmiddag , both on the union and its institutioners uppbyggnad and , if the charter of rights . 
i am one of those who believe that a antagande of the charter , even in a förklarande form , will be a welcome step forward , because it sinom in time , but certainly will lead to a charter which is fully legally binding . 
i would like to draw kammarens and the attention to an issue that will come up on friday , when we are discussing rights for this lettori applies , the foreign språklärarna on the italian universitet . 
it is itself a situation where unionsmedborgares rights have refused them in more than tolv years . 
the duger not enas of a charter for the rights of the highest level , on the individual citizens who wrongly be dealt with by a state must not any effective aid . 
we insisterar , therefore , that the commission , as well as on the commitment of the charter , as we have heard from today , even åtar commitment to the protection of the individual rights . 
mr president , the charter of fundamental rights , which has been proposed , not the citizens rights stärks . 
this is also clearly of stadgans article 50 . 
it would , moreover , be it alleuropeiska cooperation in this area , instead of to weaken it , as the eu , the charter is to do . 
mr president , the danish folkomröstningens results should förstås but that it is a false tolkningar . 
the danish this nejet this is not a isolationistiskt or nationalistiskt no . 
it is not an expression of a majority of danskarna say no to the european cooperation , and it is not an expression of that danskarna is not sufficiently informed of the activities of the european union and the utvecklingsplaner . 
a majority of the danskarna have said no , in the same way as in 1992 and 1993 , the more increased integration in europe , no to the lost by the more suveränitet and no to the instrument which point these syfte. , therefore , no to the euro , no to the majoritetsbeslut and no to a european författning . 
we should not föreställa commitment to the european project , as we have heard president of the commission , mr prodi , so as to give a clear beskrivning of , should be able to convince danskarna and get them to vote yes . 
what , however , can be done at this summit is that it being a basis for the nice and , therefore , is the debate also meningsfull for having presented our message from parliament . 
when it comes to biarritz so i hope very much that it remains from the amsterdam quickly can be solved . 
mr president , mr president-in-office of the council , mr president of the commission , ladies and gentlemen , sällan have a presidency of the european union have been so fyllt of important issues and kantat of events . 
the important issues is , above all , the intergovernmental conference and the förberedelserna for the enlargement process , and the two are , of course , förbundna with one another . 
when it comes to the events , it is difficulties with the euro , the höjda oljepriset and in a different way we can only if a transition to democracy in the jugoslavien . 
the french presidency has certainly no easy task . 
as the elected representatives , we are , at least , we are obliged to encourage both the presidency to make progress , despite the motgångarna , which conduct on the message we must , from the public opinion in the relevant countries . 
despite the requirements which , today , been presented here in this sal it seems as if the charter of fundamental rights will not be legally binding , but only a political explanation following . 
the word applies only applies , which i spent can , after all , be called into question , because i believe that the ec - the court of justice , despite its deklarationsmässiga nature in its ruling that will apply the articles of the charter of fundamental rights binding principles , which must , of course , domstolens tolkningar stämma agreement . 
thereby have developed the ban as even the facto to legally binding rättsnormer . 
the charter of fundamental rights is an example of the union are the responsibility and the interests of human rights . 
for the iakttagandet of human rights , should be able to övervakas , too , in practical terms , the union must have clear rules for the possible sanktionsmekanismer towards the member states . 
at the moment the council is considering so as to include a dylik mechanism of article 7 . 
to negotiate the environmentally-friendly practices is good , but we must make sure that the system will not be used as a political slagträ . 
according to a an old one finskt visdomsord should reflect the first be used since . 
at the moment , are concerned , it would be , if we genomdriver proposal as belgiens government put forward in these sanktionsmekanismer , is first of all and are then . 
mr president , president of the commission , mr prodi , mr president-in-office of the council , ladies and gentlemen , i would like to thank the european parliament delegation in the convention itself and konventets president , roman herzog , for their committed work . 
the drafting of a european charter of fundamental rights is an important and necessary step to a europe which is close to the citizens . 
some are of the uppfattningen that we can create a single market in europe , but to be on all fours on the fundamental values and principles . 
this opinion has never stötts of the majority in the european parliament . 
secondly , in the transparency of the citizens , who are now know what rights they have towards those who are therefore and create the european right , and transparency , to those who are doing precisely this culture , or are therefore the european right . 
. - ( fr ) mr president , we have just had a both rich and interesting debate . 
i have taken note of naturligtvi. and it is very tillfredsställand. to the european parliament , in the large , unanimously , is nöjt with the charter . 
this is not the förvånande because parliament has bidragit to it , and , since it is also some of the values of this parliament . 
it provides a major force for this text and to the european council in order to promote it . 
i have taken note of your proposed and uppmuntran to go further , to learn the benefit of the språng which skapats in order to take the agenda to nice . 
