resumption of the session 
i declare the session of the european parliament återupptagen the suspension , 21 september 2000 . 
approval of the minutes of the previous sitting 
the minutes of the sitting of the 21 september have been distributed . 
are there any comments ? 
madam president , i will leave me to the question of the minutes . 
by anyone underlig overall my name is missing in the närvarolistan . 
i would urge a korrigering and would like to point out that , at the same time , passa idag we have been able to come to strasbourg us from finland to purely nine hours . 
it is almost personal rekord for me this höst ! 
certainly , mrs thors , we ought to be the right the minutes . 
( the minutes were approved ) . 
communication from the president on the situation in the middle east 
dear colleagues , in these last few days have , as you know , jerusalem other towns and in the palestinian territories olyckligtvis satts brand and victims is already many . 
just today , helikoptrar bombarderat end in gaza and , therefore , förvärrat the situation . 
in the european parliament , i must express my name djupaste upprördhet over this new våldsutbrott offrens families and to say how much we participate in their mourning as a result and umbäranden . 
jerusalems status of kosovo , as this tråkiga nyhet bevisar , represent one of the nycklarna to peace in the middle east . 
this city is laddad with powerful symboler for the three monoteistiska religionerna . 
this is to deny that kränka fredsvilja and to prevent sökandet after a solution acceptable to all . 
we know , however , that there are people who want peace on both sides and who wish to move forward . 
the common the presence of mr ahmed qurie and mr abraham burg , president of the palestinian lagrådet or president of the knesset , precisely here during our plenary with for september has once again given evidence of this . 
on the issue of jerusalem , they have shown a transparent and sinne beredvillighet to which mrs hope . 
then our plenary with in the european parliament , i am now also to the international community that we should do everything to samtalen forthwith to återupptas . 
madam president , i would like firstly , on behalf of the socialist gruppens support your speech , and tell you that we are totally in agreement with you . 
however , i would also like to propose on behalf of my group , so that this important matter , which concerns the powers of the european union , as you said , going to be included in the debate , which is to be held tomorrow , for the summit in biarritz . 
of course , the situation in the middle east will be one of the substances which must be discussed at this summit , even if it takes place halvofficiellt . 
in addition , i would like to stress , madam president , that you quite rightly påvisat that it as well as an unacceptable provokation of a israelisk högerextremistisk ledare which is known for its previous extremistiska activities . 
i also believe that we must address ourselves to our israeli vänner and tell them that a democratic and legitimate bildad government , which the israeli government , not can kanoner stridsvagnar and fighting with all our might against children and young people who kastar sten . 
it is completely without proportioner and is no to in the peace process in any way . 
( applause ) madam president , i think that we , after besöket of talmännen in the israeli and palestinian församlingarna , as you inbjöd to in the last month , have sufficient moralisk legitimacy to address us to our ideal negotiating partner in the middle east , in more decisive ordalag , at the same time as we offer our help . 
madam president , i have sänt you a letter on behalf of my group that we , is asking for an amendment of the agenda with regard to the question which you have just with great värdighet raised . 
because the barón spoken , i will immediately take up this issue . 
i believe that our parliament then for a month ago , very lägligt common inbjöd the president of the knesset , and the president of the palestinian lagrådet precisely in order to put down a marker its desire to interfere as medlare for the peace process , we can not parliament tiga today . 
you have with the words , which i share with deeply outlined the dramatiska situation which utvecklar itself in this moment , in palestine and in israel . 
i understand that mr prodi tomorrow , the council , we ourselves , some of us will express its opinion in the general debate . 
however , we can in no sense to allow this dramatiska issue should be dealt with together with other very important issues and in this way to achieve a talk of the charter and the next on the french presidency and , if the summit in biarritz and a third of the danish - no result at folkomröstningen of emu and , finally , a fourth on the middle east . 
it is not right , bearing in mind ämnets significance . 
i propose therefore that , together with my group tomorrow if possible find another day , if necessary , that it should be possible to give an hour so as to this important matter and adopt a resolution . 
if this is not possible , i propose that this issue be dealt with at least in our topical and urgent debate . 
but , in any event , i explicitly that no one at the end of this plenary with should be able to say that parliament as such , in your magnifika förklarings spirit and duration , have not expressed its opinion for the peace will once again be in israel and in the middle east . 
dear colleagues , if you so wish , i would take up on a point of order . 
we have not yet come to the revision of the agenda . 
i have received the proposal which you have inlämnat to me . 
i propose , therefore , that you have just now have a debate if it is appropriate or not to adopt over this issue to the tisdagen . 
however , i have a number of ordningsfrågor which we should conclude . 
i have a few meddelanden to you and then we will deal with the agenda . 
madam president , ladies and gentlemen , what is happening in the middle east is a tragedy . 
i am very grateful for that you raised this . 
our group is in favour us is fully behind the content of this . 
madam president , my group , too , is , of course , extremely skakad helgens of events in the middle east . 
of all the proposals which have been made , i would like , above all , support the proposals of mr wurtz to find appropriate time at which we would ask råde. possibly also kommissione. to extend a statement . 
our group has nothing against that parliament gives its own statement in ärendet . 
thank you , mr sterckx , we have taken note of this statement . 
my statement is a quite separate matter . however , as our parliament will know it has konvent which have to task is to prepare the european union charter of fundamental rights is precisely slutfört their work . 
we can be pleased about this . while our institution has been made itself very much for this konvents work is to succeed in particular so that the time of time has given its convention itself disponera lokaler and then our plenary with in plenary will start here in strasbourg today , i regret that it is not possible to have been in organising värdiga background to this charter are distributed here in strasbourg after the work with the slutförts . 
i would seen it as a strong symbol of our institution , and i think it is a . 
madam president , in my capacity as chairman of my europarlamentets committee on regional policy , transport and tourism , but also by grekisk riksdagsman , i would mention olyckan with färjan express saminas which ägde tisdags in place . 
until today , we have 79 dödsoffer 2 , and people are still missing . this is a hemsk accident which actually chockat all . 
before i leave the floor over to the watts on the same topic i would like only upplysa you that immediately after this terrible disaster , i wrote to the greek parliament president , mr kaklamanis , on behalf of your in order to give my djupaste mourning as a result and our sympathy with offrens families . 
madam president , after the tragic the events of last week in the sea egeiska välkomnas , yesterday &apos; s trafikförbud for over 60 greek passagerarfartyg which do not meet gemenskapslagstiftningen by the whole house . 
in addition to that , we above our beklagand. glädje with which i can see that you have already gjor. and our thanks to all those who were involved in räddningsarbetet during these tragic events would veckas the president at the next meeting of the committee on regional policy , transport and tourism , we sought to study why 79 people must dö before these ships were trafikförbud ? 
this committee must be a response to the member states the community sjösäkerhetslaga. ignorerar why it is not just greece . 
we must do this to the committee , why do some member states have permitted dispens from to comply with these sjösäkerhetslagar for a long time . 
madam president , i would like to thank very much for it so hemskt medkännande you expressed to the president of the greek parliament , against the background of the oerhörda tragedy occurred in grekiskt water . 
it is a fact that there are shortcomings in the application of förordningarna , both the national and the european , and the greek government has been the itself with this issue , with the greatest possible samvetsgrannhet . 
when it comes to the 65 ships which have been drawn from the perspective of road , i believe it to be värt to clarify that these ships in any event would have been drawn from the perspective of service on 1 october , independent of 79 people died or not . 
the two the events have nothing to do with one another because tidsfristen for förordningarna händelsevis råkade be on 1 october and dömer chose these ships olämpliga . 
i believe , madam president , that this issue is too serious to be an issue which the oppositionella policy can use . it is , moreover , for the serious to be dealt with as a matter of urgency with a simple resolution . 
therefore , the group of the party of european socialists will vote against that recording the issue as a matter of urgency . this means not , however , that we are not förfärade of this tragedy , and that we , as the government will not do anything which is in our power to sjösäkerheten should be improved for the boats which trafikerar egeiska the sea , as the three and a halvt thousands öar trafikeras and of a large number of färjor , and against the background of this , this accident , how great the than is , if we consider the number of resor which every summer egeiska judgements on the sea , an incident among many framgångsrika resor . 
despite this , it is , of course , a tragedy , and omständigheterna is such that sjötransporterna , once again , have examined on djupet not only in our country , but also in europe , which means that the greek vattnen not in any sense would be less safe than vattnen in any other member state . 
in a comment to the danish no to the euro , you said , mrs fontaine , to have nejsidan appellerat to a irrationell hesitation . 
if you had been better informerad would you know that your beskrivning bar. and only on a ungefä. ill into approximately 20 % of the danish nejsägarna . 
for a large majority of the vote nejsägarna has centred on the democratic legitimiteten to take decisions relating to our economic policy . 
madam president , i would like to thank you for the kondoleanser which you framfört on behalf of the european parliament and which we all our racism here . 
unfortunately , the downfall of the 79 and 80 victims on altaret for rederikapitalets profitering . 
how much to some than to over the responsibility of besättningen so can no tvivla on the fact that båten was over 35 years old , that it is not really should be on the road to the sinking of the very soon and that it could not therefore räddas more lives . 
with its privilegier rederierna has always had the greek governments at their side . 
there is more than one hundred historic peoples in europe which meet the requirements to be a nation and there are millions of people in europe , which is nationalister and which are samhörighet with their nation . 
madam president , after having listened to my danish colleague you understand what the debate at a low level in denmark , which led to a no . 
however , a decision has been taken and we must respect this . 
it should , of course , i do mr davies . 
madam president , the racist tilldragelserna in germany since our last parlamentssession forcing me once again that , unfortunately , do the word . 
however , if mr wurtz vidhåller this request tisdag i shall ask if there is any speaker who are against this and villig to express its opinion on this basis . 
if mr wurtz is proposing a kompromisslösning which means that his proposal uppskjuts to thursday , should the question in this case will be for tisdag . 
i förmodar that that is the case . 
mr maccormick , with regard to the agenda for friday inlämnades your proposal after tidsfristens utgång . i can therefore already answer you that it will not go to the vote . 
that is why it is not found any changes for friday . 
i will give you the floor , to which a procedural motion , if you really want it . 
madam president , i see that the existing friday to the oral question on the språklärare which infördes on our agenda extremely late is no bifogat motion for a resolution . 
i realise that my request that this would bifogas inkom too late in the rather kaotiska omständigheterna on monday . 
this is an important issue and i wonder if it after the debate can avslutas established a time limit had been ingivande of to the motion for a resolution on the subject . 
madam president , ladies and gentlemen , commissioner , i would like firstly to express my satisfaction that the proposal for a regulation on the common principles of the european forestry regionalräkenskapssystemet - and even in the community ( 95 ) . 
i am talking about great satisfaction that , because of the fact that , with this regulation gives us a system which provides jämförbarhet and transparency at the beräkningen of budgetunderskottet in the various member states . 
should we focus istället us on the path towards a seriös bokföring in order to prevent beteenden which , as i have just cited , is not particularly open , and sometimes even bedrägliga . 
i repeat , therefore , that , in my opinion , should the council common position support . with this regulation införs a övergångsmekanism to the european räkenskapssystemet even ( 95 ) which , in fact , guaranteeing jämförbarhet and transparency in the member states in public räkenskaper issues so simple and important as those which is about beräkningen of budgetunderskottet . 
with this recognition is also guaranteeing the possibility of a request övergångsperioder can actually hindras by the possibility to be able , if it is not in a position to reject densamma välgrundad . 
to take one example , it says that the social avgifter which employees have paid into no longer enough to that they should be able to have their pension rättmätiga . this is in many cases not true because , in fact , there are bokföringsknep which rättfärdigar that we say to the employees who have arbetat throughout their life : this there is no money left applies ! 
when the time is to be the mogen hämta efterlängtade pensionen . 
really , this is not true , for there are bokföringsmässiga knep . it is therefore a good thing that knörr borràs bifalles report . 
mr president , first of all , i would like to thank all the speakers for your comments . 
it is clear that the aim of this document as fatuzzo said , is to try to ensure that a ceiling that figures fit in with the reality of that situation and that it does not arise undervärderingar budgetunderskotten of the public . 
it put the work of parliament and the council have been extremely useful . 
the commission accepts in its common position , which , on the whole , the council already also the various amendments which were raised by parliament at the first reading . 
however , the two questions which is taken up to some extent has not received a förtydligande . 
first of all , as it is about article 7.2 , i.e. the possibility that the commission should have a certain framework for godtycke when it comes to grant övergångsperioder . 
in this respect , it is the case that it is the only the commission is asking for is that these perioder rättfärdigade really is . 
therefore , we can accept that the problem , but the commission should åta itself to grant these ansökningar , on the condition that the member states , in a way , on the sakligt svårighet before they can be at a omedelbar application of the provisions of the regulation . 
we believe that clarity must apply to both hållen . 
the commission must , of course , not neka these perioder then there is objektiva reasons , but it is oundgängligt that there will be objektiva to become a reason for beviljad övergångsperiod . 
otherwise , we would be limited to fulfil the purpose of regeln . 
the second question is about värderingen of mervärdesskatten beräkningen and of the resource in addition of own resources which erhålls by mervärdesskatt . 
given of the amendments which once again was presented in this matter is the commission undertaking , of course , to take a different approach , because we do not have any difficulties when it comes to base . 
on this specific point , i would like to mention that the commission at the first reading had åtagit itself to bring forward another proposal for a regulation of the european parliament and the council in order to deal with the specific question . today , i can tell you that the commission adopted the proposal on 20 september and that it has already committed to parliament and the council . 
companies in the european union , particularly in tillväxtindustrier which högteknologi - and bioteknikföretag , could not use its full potential , but better access to risk capital . 
effective riskkapitalmarknader is also a prerequisite for the development of entreprenörskap in europe . 
in the meningen i agree completely with the skinner when he says that it is of decisive importance to small and medium-sized enterprises are transparent and fair access to the new riskkapitalmarknaderna . 
according to a just gjord studie , which has , in the commission communication , this is also a very effective instrument with which to increase employment , because the between 80 and 90 % of the finansieringsmedel which will venture capital from the normal used to anställa more people ; in other words , more risk capital , gives us the opportunity to use our human capital more effective . 
i therefore support parliament in full view of paragraph 23 that we should call on the commission to leave us regular basis informed of any new development . 
the draft directive on tilläggspensionsfonder is important for growth of risk capital in europe . 
the committee on employment and social affairs wanted refer to the results of the recently framtagna report on tilläggspensioner , above all if försiktighetsreglerna . 
institutional investerare which försäkringsbolag , investeringsfonder and pensionsfonder alltmer plays a dominant role in order to provide venture capital . 
pensionsfonder in particular have become more important in the past , because they all decenniet demografiska changes are still need pensionsprodukter . 
förskjutningen against the instrument which is more funktionsinriktade has also increased the need to reform the system . 
developments over the past few days , with the individual currency has been olycklig . 
furthermore , we demand a skattesystem which , on the one hand , encourages to innovation and , on the other hand , support privatpersoner which investerar capital in companies . 
therefore i welcome also överenskommelsen from lisbon to introduce benchmarking in order to bring the whole of the series of the best modellerna to support for riskkapitalet on the table , so that we will be able to come on . 
mr president , ladies and gentlemen , allow me to congratulate the rapporteur started to förståndiga the skinner report , precisely at a time when we need new incentives in the field of risk capital within the european union . 
all rapidly growing companies , new företagsbildningar with great innovationskraft rasande speed and the industrial förändringen requires effective markets for venture capital . 
growth must stöttas better . 
although riskkapitalet over the past five years has increased considerably even among us , is europe in this regard are still far after the united states , above all in the still quickly growing areas informations - and bioteknik , but also in terms of hälso - or sjukvård , a completely new area which are growing rapidly in all take account . 
the committee on employment and social affairs has particularly addressed with the various forms of tilläggspension and the kontrollföreskrifter which this requires . 
for all pensionssystemen developed more new financial products precisely because of the stigande medellivslängden . 
therefore , playing a more important role to play when all pensionsfonder riskkapitalet distributed . 
however , therefore , need the social trygghetssystemen , how the than may be konstruerade , precisely at kapitaltäckningsförfarandet special regleringar , bodies for monitoring and codecision , which should strengthen confidence in these new systems , for these products . 
this is why it is also essential that all parties are persistent intresserade in dialogue with one another , including the european parliament , the council , the social partners , the european investment bank and the european investeringsfonden . 
in the european union , there can be no often enough that it is the combined proponents and agents will it with . 
all the financial instrument which is synergistic effects for the funds available must quickly vidareutveckla market , in order to increase the omfattningen on riskkapitalinvesteringarna in the eu , so that the riskkapitalets arbetsplatsskapande benefit really can come to all operators , above all , need . 
through investments in företagsbildningar also created jobs . 
in order to be able to build up these success of medarbetarna plays a crucial role and is the drivande kraften . 
therefore , also systems for delägarskap , knutna medbeslutandemekanismer , to be . 
number of reasons it is of the greatest importance . 
as a whole , i would like , once again , to emphasise that the communication from the commission entitled , kopplat to this report , again , can be a very strong impulsgivare to förena proponents and agents within riskkapitalsektorn . 
mr president , it is known for many years now , the european parliament , with many rapporter and resolutions have shown its commitment and relevance to small and medium-sized businesses and their problems . 
the important role that small and medium-sized businesses plays in order to promote employment and introduktionen of technological betonats news has in many ways . 
despite this shows the interest to the governments and the member states is often be hypocrisy because small and medium-sized businesses in reality is oförmögna to participate in financial assistance programmes , to learn the benefit of technological moderniteter and technical moderniseringsprogram , to learn the benefit of yrkesutbildningsprogram for their staff , and to deal with the unfair skattemässiga treatment that they are facing . 
these problems could bemötas with a revision of the bankernas very finansieringskriterier to learn the hard , with the benefit of their föreningar and handelskamrar for that in this sense the promotion of technological development programmes and radical utbildningsprogram . 
this is certainly a provokation känslan for the public , to propose a european enad finansmarknad betjäna for small and medium-sized enterprises , which are , they it . 
the same thing applies to the proposals on the european pensionskassor orienteringen , against the funds and social försäkringskassor , whose aim is to finansiera högriskinvesteringar and have a gynnsammare skattebehandling of vinsterna . 
lösningen is , of course , to the problems which are förknippade with the unfair skattemässiga reading of the small and medium-sized businesses , and the förenklade moderniserade patentregistreringsförfarandet sänkningen , of the extremely high administrative expenditure and inskrivningsförfarandena all on the right track . 
however , we believe it to be a provokation the vast finanskapitalets tillmötesgås requirements and we reject this . 
i call on the european commission to skynda on when it comes to the guidelines for additional pensionsskydd . 
with iakttagande välbetänkta rules of the institutions must be given complete investeringsfrihet . 
the member states must then befria utbetalda pensionspremier from skatt . in this way , a source of privatkapital be built up . 
but förfogandet of capital is not the only one hindret . 
often , it is also the famous virrvarret of rules and formulär which avhåller firms from that anställa staff . 
this is therefore a major task for the many member states : to embark on structural omorganiseringar and abolish unnecessary obstacles . 
this is to the advantage of regim konkurrensförfalskningar . an application must therefore be able to be made in each of the officially languages . 
a true likabehandling of languages , i believe , in fact , be in small , innovative enterprises interest , and it is , moreover , in accordance with the eu - the treaty . 
another oroselement is pointed out that patentera naturresurser , such as gener and växter , which , according to me quite rightly , is just cited in paragraph 22 of the draft resolution . 
övertygelsen that life is heaven &apos; s gåva and not something människan can take , are always respect . 
mr president , the report should skinners välkomnas . 
this is the objective which we constantly take forward as hörnpelare , not only in the guidelines for our economic policy , but also in our employment policy directive . 
we are all to problematiken , but we have , of course , hämningar which seriously försvårar risktagandet and företagandet . 
here , we must nogsamt to point the finger at the cultural barriärerna as in the bureaucratic processerna , problematiken around tillståndsgivning , difficulties with the simple patentansökan patentgivning and for small and medium-sized enterprises , the cost of the patentunderhåll but also , there is the lack of coordination in skattesystemen . 
a europe of companies need belöningar chanser and which will , above all , need to all . 
therefore , the formulerade requirements support fully . 
this is a konkurrenssnedvridning to the detriment of the public riskkapitalet . 
fourthly : how do you ensure that the stronger inkludering of pensionsfonder in riskkapitalet which efterlyses in the report do not lead to possible losses of the inbetalade beloppen and therefore run in opposed direction towards objectives that inbetalarnas candu itself a trygg levnadsafton ? 
fifthly , it remains unclear about this : why fusioner on kapitalmarknaden would give positive effects for the tillhandahållandet of venture capital . 
erfarenheterna shows motsatsen . 
of course , the fewer leverantörer desto less competition and desto higher costs . 
mr president , i would also like to congratulate my colleague mr william peter skinner for the excellent report , on an issue i consider to be of the highest importance . 
for if the european union wants to become the most dynamiska economic region in the world , which beslutades during the lisbon summit , must investeringarna , particularly in small and medium-sized businesses , which creates jobs and is to concentrate on framtidssektorer , receive financial support . 
we want a more active företagsanda in europe , but there is still a large number of difficulties for the which want to businesspeople and for the implementation of lönande projects . 
difficulties , which we must quickly övervinna in the various countries of the european union , will start with the administrative aspects , with bureaucracy , which in many cases is unnecessary and take time , energy and money , and to that end , as a result of the finansieras . 
with the business risk capital plays a very important role in this area , and the european union must get very rapidly if we want to come ikapp eftersläpningen , above all in relation to the united states . 
above all , it is necessary to europe in all , higher extent get involved really projektens on merit and not on företagarnas personal egendom , which takes place at the moment . 
if bankernas requirements for the personal finanserna is very diskutabel , so is the completely unacceptable when it comes to companies with venture capital . 
it is also necessary to make it easier for företagarna to use the results of risk capital , which requires a more active and effective ömsesidig information concerning its use . 
( inledningen not hörbar ) ... which will encourage the only a minority of the population which has capital from placing and from placing on . 
all the proposals illustrerar once again that the european union was built at with the idea that exklusiva storkapitalets and encourage the development of investments and underordnat small . 
the majority of the population is concerned , however , for it is with their money , which the european institutions are finansiera measures which underlättar private investments . 
those who do not disponerar over a capital but which represent a major part of skatterna , among others by indirekta skatter including momsen , would therefore have to be finansiera the estimated skattesubventionerna and skatteavdragen investerarna as well as for the skatteförmåner granted to aktieoptioner . 
it is planning to encourage the pensionsfonder but it does mean that we oundvikligen encouraging pensionssystemet by distribution . 
the money which should be used to ensure a hygglig pension for all will therefore be used to give a minority the opportunity to create more private profits . 
we , however , remember that those programmes for venture capital is earlier than the lisbon , because it is from 1998 . 
however , the previous omständigheterna intressanta is not the same as what we will do in the future . 
some of you have spoken about two specific examples which i would like to highlight . it is about pensionsfonderna and the possibility to have a more efficient gemenskapspatent goods that will a better use of riskkapitalet . 
when it comes to pensionsfonderna , i want to tell you that the commission this week should adopt the proposal for a directive which provides greater pensionsfonderna investeringsmöjligheter in värdepapper in the whole of the union . 
we are talking about the additional pensionsfonder and , of course , we are not talking about a responsibility to do so . 
we are talking about to eliminate current obstacles and therefore should not the problems some of you just cited on the future risks uppstå . 
of course , requires öppnandet of risk capital , a correct conduct of the förvaltarna minimera with a view to the possible risks which could uppkomma . 
when it comes to gemenskapspatentet i would just mention that already in july , the commission adopted your proposals on the gemenskapspatentet . 
some of you have also just cited the problem with the public funding when it comes to venture capital and no doubt , it must be the public tydliggöra finansieringens förenlighet with all normgivning of competition . 
some of you asked why the public funding , it was a supplement to the private . 
there is no desire to suspend but only a desire to use the disponibla resources in the best way . 
it was not the right that the public funding should compete with the private funding at the financing of riskkapitalprojekt , and we should use the public financing of the projects which it is svårast have finansierade of the private sector . 
from the point of view we do wonder about the best way to use the available instruments , particularly the european investment bank and the european investeringsfonden . 
the commission will also in mitten of october to publicera a second communication which we should hope you to the council and parliament . in this analyserar we , the various finansieringsinstrumenten which förvaltas by the commission and framtidsutsikterna in this issue which is so fundamentala riskkapitalet . 
finally , i would like to mention that i believe that the report of the committee on economic and monetary affairs , is an excellent and important contribution , and for the extremely constructive work with developing riskkapitalmarknaden . 
even in those countries where it does it takes place in a different way than the system on the other hand , the atlantic . 
at least , can be set up on the issues which the pensionsfonder relatively quickly . 
thank you very much , mr solbes . 
the debate is closed . 
the vote will take place tomorrow at 12.30 . 
the third meeting asia - europe in seoul the 20 , 21 october asem iii ) ( 
the next item is the commission statement on the third meeting asia - europe in seoul the 20 and 21 october ( asem iii ) . 
mr president , the third asem summit - the process will soon be held in seoul in three weeks . 
i believe that it has been a lycklig omständighet that the summit is to be held in korea will soon after the historic koreanska summit which öppnade dörrarna for conciliation and a future återförening . 
of course , this will have significant positive effects for safety , not only the regional , but also of the global . 
summit will put mognaden in a process which påbörjades for four years ago in bangkok . 
the process kompletterar bilaterala our relations with our partners and our ten asiatiska , given that to the asean and contribute to integrationsprocessen in asia and europe . 
- the asem process is uppbyggd around three pelare : politics , the economy and culture . 
- the asem process has underlättat asean + 3 - the process and even more närmat nord - and south-east asia . 
its mötesstrukturer between finans - the economy - and utrikesministrarna follows asem - model is drawn up . 
in the union needed to , and we also need to learn that the effective förvalta a process which are intended to promote the political dialogue for the economic fördjupa relationen between the two regions and increase the personal and cultural official contacts . 
the process based in a jämlik , given that . 
through to emphasise the original idea to develop this dialogprocess as a process between the jämbördiga partners and to uphold the so informell as possible , without a institutionaliserat secretariat , we have managed , despite certain difficulties , convince our asiatiska partners that we want a terms with them on equal conditions , be removed from the givar - mottagar relationen - and all postkolonial attityd . 
this is the starting point is of particular importance for our work to consolidate , fördjupa and increase the political dialogue . 
while our partner asiatiska preference devote itself to questions which förenar us and suspend the other , we have pläderat for a broad agenda , but to suspend any question . 
our partners have accepted the principle in exchange for guarantees klokhet and able to make sense to have företräde then diskussionsfrågor väljs . 
the issue of human rights is , of course , the which give cause to flest problems , together with avvisandet of inblandning in the internal affairs of and other arguments which we know well . 
toppmötets ordförandeskaps statement and also samarbetsramen between asia and europe will clearly to mention this problem . 
i would also like to add that , in the wider framework of the asem process - and this will be a positive serie seminarier on human rights which , together with asia - europe - stiftelsen . 
säkerhetsproblemen , which is of particular importance in the region , will play a significant role in the process , and it can be värt to mention publikationen separately of a statement on the koreahalvön as examples of this situation . 
leaders will also to devote itself to the fight against cross-border crime , in particular in the light of the recently utspelade tragedin in dover . 
exploateringen of illegal immigrants , women and children , particularly in the increasing sexindustrin , will not only be the subject of debate , but we will also take the initiative to fight against this our tids farsot , which is kopplad to poverty and insecurity . 
when it comes to the economy is the year 1993 a betydelsefullt date because it markerar this critical moment , then our export to asia översteg it to the united states . 
asem summit : &apos; s other which was held in london in 1998 löste success of crisis . 
we support our asiatiska partner , and we take concrete measures , as the important commitment with regard to the trade and investments , which the previous vände trenden and banade road for a significant handelsunderskott with our partner . 
the creation of a kreditfond , the establishment of the european finansexpertnätet and of the fact that , with two åtgärdsplaner if underlättande of trade and the promotion of investments are a number of other practical measures which demonstrate that europe bryr itself on asia . not only in the good times when but also in kristider . 
the next summit will make it possible to bokföra frukten of our efforts and confirm the steps which away towards a greater operativitet and effectiveness . 
furthermore , the leaders will discuss the essence of the new economy , globalisation , and the experience which dragits of the crisis , the creation of a transeuropeisk - asiatisk supermotorväg to facilitate official contacts between forskningsinstitut and discuss the new teknikernas effect on the economic life , including action to encounter the for each day , which are more digitala frakturen . 
as a a of the current global situation have a trygg energiförsörjning been presented to the agenda , including oljan . 
the need of a general legal framework for multilateral handelssystemet , which världshandelsorganisationen , and the need to maintain its role in globaliseringseran will also be a basis in the discussions between the leaders . 
it forms part of our strategy to achieve consensus in favour of a omedelbar the beginning of a new global round . 
it is important that the cultural fylla tomheten between our two regions . 
the need to increase the medvetenheten thrust knowledge , with a view to stimulera understanding and have removed felaktiga ideas have been important objectives in the asem process - ever since the beginning of its . 
asia - europe - stiftelsen have in significant extent bidragit to this objective . 
leaders will decide on other initiatives to increase the exchange of studenter between regions , modernisera lärostrukturerna , intensifying co-operation for the development of human resources and utbyta comments on the recently inträffade sociopolitiska events . 
we regret , therefore , that our asiatiska partners does not yet was willing to studera the creation of a social forum , in the asem process - , which would represent the civil society in the same way as asia - europe företagarforum represent näringsidkarna . 
the proposal will from organisatörerna of the forum . 
from the point of view , it will organisatorisk and logistisk koreanska publicera presidency that a statement by the presidency , which , in addition to the problem under discussion of the leaders , should innefatta issues as the reform of the united nations , nedrustningen , vapenkontroll , the fight against aids m.m . 
the final text reflect the discussion between the leaders but already have a good work done . 
therefore , the presidency is responsible for uppdatera it during the summit . 
it already mention the statement from the seoul on the koreanska halvön acknowledge the importance of the past and recognise the progress being made to integrate nordkorea policy in the international community with a view to in a way koreanska fredligt one of the two states . 
finally , the 2000 for cooperation between asia and europe , a uppdaterad version of the first , which was adopted at the last summit in london , specificerar the objectives and procedures which will lead to the asem process - in the next decade of europe . 
to the difference from the most recent version , it made to the importance of human rights and cooperation to protect the environment , to mention just two examples . 
it is the only remaining problem is the question of the medlemsstatus , in relation to which the european parties opposed to the försöken so far to introduce some limitations on which could give cause to tolkningen that some parties utesluts from future participation . 
therefore , it is today , not least , of having to be - the asem process in the european public medvetande . 
what our partners in asia have little sympathy for is the fact that we as to practical uteslutande befattar us ourselves , with the intergovernmental conference , with enlargement , naturally occurring in the case with the important and urgent problems in our own political subject , which , in the middle east . 
we must use this opportunity , and therefore we have in fact also be the opportunity and the opportunity to create gehör for our principles there . 
this , too , can förmedlas - in the asem process . 
mr president , i do not believe that it is only if this ifall århundrade or årtusende will become european or asiatiskt , but it is about to both regions together must find themselves in the right to a new partnership . 
the exchange between skolor , universitet and affärskvinnor and men - is lovande , europe - asia - stiftelsen doing good work . 
the year 2000 , it is , however , of what in fact asem can and should be able to prestera , what best organiseras at asem - level . 
here , asem vision group put forward a very good motion which should also konkretiseras . 
certainly it was right of asem to devote itself to the three pelarna political , economic and cultural cooperation . 
thirdly , all the political dialogue : the asem is an excellent forum for raise smärtsamma substances . 
all such substances oåterkalleligt should be addressed to the discussion . 
however , i should like to appeal to all the participant to reach a consensus on the work into clear commitments in the huvuddokumenten in seoul , on respect for human rights in the region . 
it must also riktas more attention to barnarbete to ensure that this practice can undanröjas as soon as possible , both in asia and in the other direction . 
europe and asia must work together to increase narkotikahandel , against money laundering , the fight against international crime , terrorism and the exploitation of sexuellt minderåriga . 
it is very important that an agreement be achieved during the next wto round - between our two regions , combined . 
on this last point , i would like to make asiens bräckliga kompliceras sköra economic recovery of the political situation in the region . 
we sometimes makalösa glömmer that the period of economic growth in a kvarts sekel in asia förutspåddes for a period of bibehållen political and strategic stability . 
much of the stability of the region is not today . 
the koreanska halvön is a source of fortsatt strategic instabilitet . 
återuppbyggandet of östtimor is a process which still are . 
it is not enough that we are meeting just once was the fifth or sixth year for a parliamentary dialogue between representatives of rumour , nepal , pakistan , sri lanka , bangladesh and buta. , this is only the countries which fall under the delegation of which i råkar be president . 
i would like to madame vädja randzio - plath , which has a strong position of in the committee on budgets , to help candu forward funds so that this delegatio. and others where such a measure would be meningsful. can leave these möten more frekvent . 
mr president , first of all , i would like to say to mr nassauer that if we must regret that the european union lacks profile in the asiatiska countries , we should also take on us skulden and admit that we förlorar occasions . 
however , this report does not deal with diplomatin and external policy , but it is restricted to raise the question of the higher akademisk training , if we may say so , of the diplomater and blivande european diplomater . 
yet another opportunity missat . 
with regard to the asean ( sydöstasiatiska nationers förbund ) , we should ask ourselves what kind of relations which the european union has or should have with asean . 
in the first place , it is not to be so , the concept for which are very different between integration in the european union and within the asean . 
there is not a political integration , not even a hope of political integration between the asean countries - and we should not ignore , as i think the speakers before me , that they did regimer contained within the asean there is much from one another : there are totalitarian or diktatoriska regimer , also diktatoriskt hard as china , and democratic countries . 
it is therefore not förvånande that in this context there is neither real integration or the real political dialogue . 
the european union should perhaps look at this problem and to the good and återgå sunda bilaterala links which could be of märkbart different type , depending on whether it is about a democracy or a diktatorisk or totalitär state . 
i also believe that the optimism which visats with regard to the issue of återföreningsprocessen of korea is a smula excessive . 
perhaps the need for a svala at the summit between republiken koreas president and the leader of the diktatoriska nordkoreanska regimen våren , but is certainly not yet kommen nordkoreanska for the citizens . 
i reminded you , ladies and gentlemen , that in the course of the last five years , between two and four million people died of hunger in the paradisiska region . 
in the same way , i think it is unacceptable that the european union in its dialogue with asia decision , the issue of rumour , which is a democracy which has the same numerära granne its importance which on the other hand , the chinese , but not the same regim and not the same privilegierade links with the european union . 
i believe , therefore , that we cannot continue to ignore this chinese monster which gradually is changing to a kommunistisk , those of a new national kommunistisk those of . 
we have had this call the conflict which has varat in forty years of being between sovjetunionen and the democratic world , and i believe that this is angeläget not to use the events such as these toppmöten to hide this major problem . 
finally , madam randzio - plath , i would like to say that if we want to strengthen the parliamentary cooperation , we can only do that with the democratic countries of this region , that is to say with the countries which have the parliament . 
if it should be parlamentariskt cooperation , it is with these countries , and certainly not with the officials from the chinese kommunistpartiet or from other countries in the region . 
mr president , i would like to thank the commissioner for his speech in this debate and for his excellent plans . 
i believe it to be very positive that the economic , cultural and political banden with asean and the asem stärks . 
i also think that it is an advantage to get the - state organisations , the samhälleliga mittfältet and the citizens in these countries . 
there is , moreover , a in indonesien miljon refugees , including 130 000 in timor and 300 000 in moluckerna . 
above all , in the moluckerna , where aggressiva muslimgrupper sprider död and förödelse , is in a situation of katastrofal . 
the major kolonin molucker nederländern. in the interests of the eu itself , about 50 000 - is very medborgar. orolig over the more than 5 000 döda tiotusentals skadade , and the more than 300 000 refugees . 
mr president , ladies and gentlemen , a few words , just to emphasise our deep concern when it comes to timor . 
i shall go into the situation between the people &apos;s republic china and taiwan . 
i believe that we should make clear that the elections of the new taiwanesiske presidenten means a historic opportunity to övervinna motsättningarna on bägge sides of taiwan sundet - and that we should do . 
it is not acceptable that we project helping with korea in the asean - the crisis , through the lending in the international valutafonden osv . and that korea now still subventionerar their varv , as our försätter varv in difficulties in a orättfärdigt manner . 
thirdly : this is a point which concerns us , but also the countries of asia . 
as has already been said , we need a dialogue between parliaments , between the european parliament and the parliaments of the ten asiatiska countries . 
you quite rightly took up the comprehensive dialogue as one of the major issues on the asienmötet , i.e. formuleringen of different interests . 
it is not acceptable that with interests between asia and europe always only utbyts between the government and the officials , even if scientists and journalister generöst , does that . 
parlamentarikerna must now also be delaktiga in the process , for any renodlad utrikespolitik , it is no longer about . 
all of this is very strong political issues which affects the situation in the individual states : members of parliament must therefore be delaktiga . 
mr president , when the japanska besöker us members of parliament in strasbourg in november , we will ask them that if possible arrangera the next meeting between the european parliament and the asiatiska parlamentarikerna in countries in japan . 
mr president , to begin with , i would like to thank all the speakers for their contributions to the debate and to provide a few quick comments . 
in the economic area , i must remind you that we have two applies action plans at this time . a to facilitate handeln and the other in the promotion of investments , and both are very active . 
when it comes to the social aspects , we proposed once a new body , the social forumet , which would represent the civil society . 
as i just cited earlier in my presentation was the asiatiska countries not in favour of this proposal , and we regret the situation . 
when it comes to the parliamentary cooperation , i would like to remind you that there have already been two möten , a on filippinerna and one in portugal , of cooperation between young parlamentariker . even the european parlamentariker have taken part . 
any further with regard to the activities of interparlamentariska relations , we believe to be an extremely positive . 
with regard to kommentarerna relating to certain specific countries , i would like to say the following . first of all , when it comes to burma , it is clear that this is not a country which participate in the asem process - and there is there is no intention to allow the country back in densamma . 
it is a situation which discussed at every opportunity , then there were a political dialogue and it is obvious that omständigheterna objectively , not making it possible to go further in this direction . 
i have not received any reply to my speech on the moluckerna in indonesien . the problems at the moment , there is more serious than in timor . 
there are 300 000 refugees . 10 000 is troligtvis döda , tiotusentals have skadats . 
it must not be the case that moluckerna not raised in asem - negotiations . 
this intermodala terminale. received an we be in its order because they hear us , the council thought not at all this , although terminaler in a future european transportpolitik will , of course , to play a much more significant role than perhaps today . 
the ports konkurrerar with one another , so it should also be . 
however , in order to create a jämlik competition has krävt parliament that we should not promote the overall strukturen , but that it is at its best , infrastructure which will främjas . 
this principiella , when the council has so far not been able to accept as to over huvud , not the commission , possibly , moreover . 
therefore we must find common solutions in the way that this should jämlika konkurrenssituation are drawn up when it comes to infrastructure . 
a glädjande point in this dossier is that ändringarna in project no 8 , obviously , has been adopted by the council . 
parliament accepts this . 
therefore , the council has , however , once again , for all the accepted that medbeslutandet is essential , too , of the 14 essen projects from the important . 
what we are going to decide on tomorrow is finally materials to förlikningsförfarandet . 
i want to explicitly show my comments to the french presidency bemödanden that already at this time to come forward to a gemenskapsförfarande . 
recently , mr president , are forcing me to conclude my taking full but i cannot allow that to be , then we are talking about sjöfart , and i also express my deep mourning as a result of the medmänniskor who lost their lives , passagerarna in one of the many boats which is needed in order to betjäna many of the greek islands , which are so also need our clear interest . 
this must always be there because the many islands will continue to be with all their säregenskaper and cannot avskaffas . 
mr president , commissioner , ladies and gentlemen , i would like , on behalf of my group to thank utformaren of the report for a grundligt work on this important issue . 
the transeuropeiska trafiknäten has explicitly to the task that binda together the various areas within the eu for the common market should be able to work effectively . 
utformaren of the report has , however , on the issue of all of the major hamnarnas perspective . 
the number of tonnes per frakt is an important standards , but it berättar do not always have the whole truth . 
mr president , within the european union , there is a large diversity , and yet we are inclined to likrikta and centralisera . 
the report and the amendments actually deals with a number of very different states of affairs . 
just as at previous behandlingar of the reports on the dumping of waste in the sea and if luftfarten , we must make the åtskillnad between nord and syd , between large and small , and between the policy which has profit as objective and policies which have the environment which objective . 
it is therefore not easy to consider all the ports of the european union after the same benchmark . 
some see in the report and the amendments the chance to improve omständigheterna hamna. small ports , which is an irreparable loss of kommunikationerna with and to remove överlevnaden öar and in the regions that have been affected . 
according to this opinion should all the small ports and any färjehamn with comprehensive turisttrafik be included in the european list . 
then , as the main objective hamnpolitiken have to support the regions of the union . 
where is bitter competition , among others by with as low as possible tariffer offer so many faciliteter as possible to transportföretag . 
there is even an opinion on that applies to rotterdam , should be a mainport applies , where all the goods , which will lead to the european west coast from other kontinenter must lastas on to the ships which distribuerar them to the omkringliggande ports . 
also other major ports strävar after growth and dominans . 
competition takes place in bekostnad of environment and storstädernas financial scope . 
a european hamnpolitik must combat this and achieve a dissemination of lasttrafiken over a wider area . 
unfortunately , this is not to be included in the proposals . 
mr president , the existing networks tänkta transeuropeiska is to act as a länk between the different regions in the european union ; not only as a transportnät , but also to improve konkurrenskvaliteten , and thereby have increase employment in certain regions . 
therefore , the emphasis is on the trafikleder between member states . 
only logical , this means that the focus on riktas against the cross-border projects which are of importance . 
trafiksituationen within the various member states is far removed from identisk . 
in the southern member states , it is primarily the way - and järnvägstrafik which stands for kontinentala transport , while havs - and sjötransporter plays a significant role in the nordligare countries . 
against this background , it is , of course , and also that these transportsätt interaktionen them emellan , occur in the transeuropeiska existing networks . 
above all , must , of course , the transportsätt which takes least miljövänligast scope and is included in the transeuropeiska existing networks . 
kusthamnarna is often start - and for slutpunkt lasttrafiken in europe . 
this cannot be in our interest . 
in the investeringarna transeuropeiska transportnätet becomes meningsfulla first , when we create real nät with broad täckning which all the citizens of the union can take advantage of . 
a framtidsorienterad maritim strategy must not be exklusiv , without inklusiv . 
i would ask the rapporteur and the speakers for their reasonable support . 
mr president , i would like to thank the piecyk for the work he put . 
the issue of inlandshamnar and the intermodala terminalerna is very convoluted and i would like to highlight the wide consensus we have achieved . 
we all believe that there should be a transeuropeiska transportnätet multimodalt nät . 
we also believe that we all feel that it should innefatta the core has come . i believe , too , that we believe that the current provisions for the transeuropeiska näten with regard to the ports is not satisfactory and that the strengthening of hamnarnas role in nätet that will also serve to reinforce the transeuropeiska näten . 
i believe that the commission and parliament are very much in agreement in most parts of the european debattens ämnesområden . 
we agree that innefattandet of too many ports in nätet can affect the concept of transeuropeiskt and it should therefore innefatta inlandshamnar of major strategic importance . 
we support the ändringsförslagens intentions , but we cannot support the formuleringen of these . 
on the one hand , because we believe that this is olämpligt to talk about financing in these guidelines , and , secondly , because we believe that it is not necessary to do this reference . 
the truth is that the typer of projects which parliament , when it talks about suprastrukturer not going to be included in the projects of common interest and , therefore , the no financing . 
therefore , this is a debate which was on the way and is misplaced . 
the major kapaciteten making transport more efficient operativt seen , and this gives the profit for transportörer as well as consumers . 
further bussar will also a more effective use of the roads , and this means miljöfördelar . 
they must , in consultation with the kunden , to be able to identify how many axlar which is needed in order to be able to fulfil säkerhets - and viktbestämmelser . långtifrån bussar all have the same high burden ; see , for example , on the vip - bussar . 
this means in practice that driftskostnaderna should not are affected by cold unnecessary effect by tillägget of a third axel not really needed . 
at the utskottsmötet proved to many instämma in this , and that is why i have , for my parlamentsgrupp , once again made into the amendment tabled with this innebörd . 
let us look at a buss , a major buss . and the environment on the one hand , can this farrago itself on a situation which , in sanders - ten holtes example , where billigare and more effective transport chiefly to the small businesspeople in this area möjligtvis can serve , make more profit osv . 
on the other hand , sjunker prices , and this will probably the extremely noticeable effect that demand on the extremely billiga busstransporter stiger strong . 
in other words , i can instämma in an extension of bussar from an environmental point of view and a number of other considerations . however , there are a number of bieffekter really not be regulated in this directive , and which cannot be regulated in this context , but we would still like to ask your attention . 
i believe that a övergångsperiod , then industry can match itself , is good . 
three , which is axlar sanders - ten holte mentioned , not always necessary , but it is more important to establish a sound directive . 
mr president , commissioner , first of all a gesture to the active the rapporteur hatzidakis for his report . 
bussarnas european standards can te itself as a trivial issue , but that is not the case at all . 
the dynamiska single market that we have objective which can genomdrivas just about all spelare follows the same rules . 
the egentliga drivmotorn in development , the pure competition , then arises åkerierna can offer their cross-border services . 
in finland , we have than as long as no greek åkare skotska , but they have already received a stadigt forfäste . 
sparsamhet lönar itself . 
in order to continue the positive spridningen of competition , we must harmonise standards for bussarna . 
uniform standards means kostnadsbesparingar also for the manufacturer , which märks in biljettpriset and in the eu - the citizens plånböcker . 
the rapporteur hatzidakis is right in that it would be unreasonable to ensure that övergångstiden for bussar in the home bruk would end on already the year 2009 . 
we must do the eu - vänner by skrota bussar which is in good condition for early . 
approval of the minutes of the previous sitting 
are there any comments ? 
( the minutes were approved ) . 
we decided in gå. and it is also in protokolle. during thursday that we should discuss the developments in the middle east . but we have not set a figure of usd any frist to deliver the motion for a resolution . 
i propose that we fastslår such a frist , both for the egentliga förslage. it could be in the evening kl . 
18.0. and for the amendments . where should we try to make the fristen to as late as possible tomorrow , so that we can take account of the possible results of the meeting between ehud barak and yasser arafat tomorrow in paris . 
i would ask that we establish this frist and that it will be as long as possible . 
i have received a request from the european socialists , that the debate on the situation of the peace process in the middle east , which take place planerats thursday afternoon , should avslutas with a proposal for a resolution . 
i receive this request , go to the vote . 
madam president , mr president-in-office of the council , mr president of the commission , i like to agree with you , mr prodi , when you do highlight borders for the current mellanstatliga model is drawn up . 
in order to succeed need v. i firmly believe it is a o. delaktig democracy , social progress , solidariska relations , projects in civilisation and etisk inspiration . 
i heard nothing about it this morning . 
we need , in short , a policy of termens ädla importance , for i believe that it is through this as the future of the eu is . 
madam president , the danish folkets decision of 28 september on the participation of the european valutasystemet will probably be figurera at the european council meeting in biarritz . 
governments in the eu member states must now seriously consider what has happened in denmark . 
the danish decision will two months before the eu should ledare mötas in nice in order to reform the eu treaties and the current policy . 
i support the enlargement of the european union . 
enlargement will help to strengthen democratic and civil structures in öst - and centraleuropa , wide appear marknadsekonomierna and help to build a european continent which is at peace with itself . 
the eu governments in the member states - is , however , difficult choice . 
we cannot deny that the danish people using the folkomröstningen recently as a vigilant in confidence in the european union structures . 
that is what the charter require . 
let us not start by breaking off against the before we have even were to apply it . 
it is this right to difference and respect that should form the material for all the institutional debate , particularly in biarritz . 
it is vital in order to prevent the current avsteg , between harmonisation and so , unification , which quite rightly upplevs so illa of they . 
it is , unfortunately , the path which the intergovernmental conference seem like to comply with that by to look on the extension of the qualified majority . 
for example , the environment will not be protected better for that we want to introduce a policy in which it bortser from the economic reality and the public needs . 
let us therefore draw benefit of the current discussions in the intergovernmental conference to at long last omdefiniera a system which reached its gräns . 
the current mission to widen the vote to the qualified majority will not conduct in the europe of the citizens . 
it will , instead , to ask them to hand , which do not accept enhetstanken . 
in a europe of how many speeds do you get us ? 
there is a range of roads that utforska . this is a few . 
we must accept the promotion of , for example , and the principle of subsidiarity . 
europe must limit its powers to those states effectively cannot do ourselves . 
the previous speaker spoke well on the charter , because it is a good charter which förenar the classic rights from the 1800 statements - with the modern rights from 2000 - statements . 
it is a charter for the citizens who have participated actively in its utarbetande . 
with regard to the biarritz i will enable me to point out that it is not far from it to nice , but , above all , nor particularly a long time . 
it is still quite openly in nice on the member states will be able to enas on a new treaty . 
the french presidency approach that it would be rather than to have a bad , but the treaties , i believe , be sensible . 
but uppfattningarna on what is a good or bad treaty is , however , milsvitt from one another . 
moreover , the french presidency förskonas not from criticism from the leading european diplomater because of their way to lead negotiations . 
the first is the method is chosen , metoden with the convention itself , this does blandning of national and european berättiganden , even though this has been the case a fourth bedragare , as commissioner vitorino pointed out . 
the french presidency has , therefore , a heavy responsibility for the real and concrete results are achieved in nice , and the new treaty must really create a european union for new members . 
we must resolve the institutional issues and give a clear mandate for the continued work on a european medborgarvänlig and understandable författning . 
in this charter författning should be included , and this message , i hope will in biarritz . 
it is for us , liberaler , of course , and this must be kristallklart , that the current intergovernmental conference must be the last one before new members släpps into . 
unresolved questions about the future of the eu cannot be europaprojektets which intäkt for further to on our historic task to one europe . 
the eu will never ready , but in the future the discussions must actively deltaga candidate countries . 
metoden from the convention itself is perhaps a lämpligare method than these regeringskonferenser which we have had in the past . 
expectations for the meeting in biarritz is high . 
a few words , i would like to say about konventmetoden . 
it is true that it is better than an intergovernmental conference , me. make up , ladies , too , was that the convention itself kolleger. tvunget to reach unanimity on every word and in slutfasen , say anything when it specifically to take decisions , were we to northern ireland see a manner of intergovernmental part 2 of our which should call on the presidency to negotiate with the member states , and not with the members of this house , and not only with the members of this house . 
in other words , i believe that the problem of unanimity , not only when it comes to the outcome as a whole , but also when it comes to the individual delarna in the charter , once again , has shown itself to be a serious begränsning when it comes to the content of the charter . 
the president of the commission , mr prodi , you referred to folkomröstningen in denmark . i believe that this vote is an expression of a obehag which goes much further than the country back självt . 
many europeans are , frågande itself to the situation , its objectives and even meningen with it . 
we are talking about the crisis of confidence of the institutions , i am thinking of a crisis of confidence which , in particular , depends on the difference between the social expectations and oförmågan to deal with them . 
while the growth utvecklats orättvisorna has become all the more acceptable . 
however , we know , of course , that development is not positive , it is better to say as it is . 
you , as well as , we owe to be totally consistent , but there are two things which must be done : the first is to say immediately that nice is bad , so utlöses an internal crisis , even if it would lead to the commission avgår , if so , would be needed . the second is to say equally clear that enlargement does not go to implement if we do not first carry seriös reform . 
europatanken would risk haverera because of kompromisser , not on the basis of crises . 
the crises , when the means that the ideas now against one another , is hälsosamma . 
mr president , all good cyklister does mr prodi a ryck at the right time . 
this is känslan we should face inlägget today , a speech which provides new hopp . 
i would like to concentrate strictly at two things which raises two different racism : glädjen over the charter and bedrövelse over the result in denmark . 
two different results , but , in my opinion , tätt knutna to one another and förebud on new times when . 
in the vote in denmark deltog close to 90 % of the population , a level which otvetydigt vittnar if befolkningens interest when it comes to part of the european practice . 
the result , as we respect is fully shows , however , that the people of europe still seems känna itself , far from the european idealen . 
the problem is probably in general . 
we must say to us after 50 years of collection , so it is probably a sense of samhörighet of a europe that is not only a geografisk beteckning . 
admittedly , will the present internal borders and morgondagens common valuta , when it will in omlopp , to be effective and necessary symboler which , in the form of that they directly affects everyday life , will help to strengthen europatanken , but they will not be strong enough to satisfy the citizens calls to höras more and that their interests and , above all , their hope to become better företrädda . 
it was the uppdraget from köln and this is also what the charter can do , whether it is now to be binding or not . 
the charter should be a living thing instrument , legally and politically . 
legally , one can imagine other ways , for instance avtvingande upprätthållande than directly at the ec - the court of justice . 
within the europarådet and the ilo , for example , we have a lot of experience , and rapporteringsförfaranden expertkommittéer kollektiv klagorätt for fackföreningar - and the state organisations and also in this way , the charter can be monitored legally . 
this latter vision , however , must certainly not be limited by borders upprättade in advance , but should , even if the behålls accepted within the framework of a legal and institutional framework , to make it possible for the member states who are willing to go on , with a more political intensiv increased integration , and to other överlämna following the it when they believe it to be appropriate . 
it is about to allow each have their own political projects for the union in a mångfaldens harmoni which , in the basis and the bottom , already prövats vinnande as a solution in the history of the european union . 
mr president , in common with many others in this house , i welcome very much what mr prodi said this förmiddag us , both on the union and its institutioners uppbyggnad and , if the charter of rights . 
i am one of those who believe that a antagande of the charter , even in a förklarande form , will be a welcome step forward , because it in time sinom undoubtedly will lead to a charter which is fully legally binding . 
i would like to draw attention to the commission kammarens and an issue that will come up on friday , when we are discussing rights for this lettori applies , the foreign språklärarna on italian universitet . 
it is a if a situation where unionsmedborgares rights has refused them in more than tolv years . 
the duger not enas if a charter of rights at the highest level , on the individual citizens who wrongly be dealt with by a state must not any effective aid . 
we therefore insisterar in that the commission , as well as the commitment of the charter , as we have heard from today , even åtar commitment to the protection of individual rights . 
mr president , the charter of fundamental rights that has been proposed , not the citizens rights stärks . 
this is also clearly of stadgans article 50 . 
it would , moreover , be it alleuropeiska cooperation in the field of instead of to weaken it , as the eu - the charter is to do . 
mr president , the danish folkomröstningens results should förstås but that it makes any false tolkningar . 
the danish applies nejet applies is not a isolationistiskt or nationalistiskt no . 
it is not an expression of a majority of danskarna say no to the european cooperation , and it is not an expression of that danskarna is not sufficiently informed of the activities of the european union and utvecklingsplaner . 
a majority of danskarna have said no , in the same way as in 1992 and 1993 , more increased integration in europe , no to the lost of more suveränitet and no to the instruments gains these syfte. , therefore , no to the euro , no to the majoritetsbeslut and no to a european författning . 
we should not föreställa commitment to the european project , as we have heard , mr prodi , president of the commission to give a clear beskrivning of , so as to be able to convince danskarna and get them to vote yes . 
what , however , can be done at this summit is that it being a basis for nice and , therefore , is the debate also meningsfull for having presented our message from parliament . 
when it comes to biarritz so i hope very much that it remains from amsterdam quickly can be solved . 
mr president , mr president-in-office of the council , mr president of the commission , ladies and gentlemen , sällan have a presidency of the european union have been so fyllt of important issues and kantat of events . 
the important issues is , above all , the igc and förberedelserna for enlargement , and the two is , of course , förbundna with one another . 
when it comes to the events , it is difficulties with the euro , the höjda oljepriset and in another way we can only if a transition to democracy in jugoslavien . 
the french presidency has certainly no easy task . 
as the elected representatives , we are , at least , we are obliged to encourage both the presidency to make progress , despite motgångarna , which conduct on the message we obtain from the relevant public opinion in our countries . 
despite the requirements which even today been presented here in this sal it seems as if the charter of fundamental rights will not be legally binding , but only a political explanation following . 
the word applies only applies , which i spent can , after all , be called into question , because i believe that the ec - the court of justice , despite its deklarationsmässiga procurement in its ruling that will apply the articles of the charter of fundamental rights binding principles , which must , of course , domstolens tolkningar stämma agreement . 
so , too , thereby have developed the ban the facto to legally binding rättsnormer . 
the charter of fundamental rights is an example of the union and the interests that are responsible for human rights . 
in order to iakttagandet of human rights , should be able to övervakas also in practice , the union must have clear rules for the possible sanktionsmekanismer towards the member states . 
at the moment the council is considering so as to include a dylik mechanism of article 7 . 
to negotiate the environmentally-friendly practices is sound , but we must make sure that the system will not be used as a political slagträ . 
according to a finskt visdomsord should reflect an old one , we should first be used since . 
at the moment , are concerned , it would be , if we genomdriver proposal as belgiens government put forward regarding these sanktionsmekanismer is first and are overdue . 
mr president , president of the commission , mr prodi , mr president-in-office of the council , ladies and gentlemen , i would like to thank the european parliament delegation in the convention itself and konventets president , roman herzog , for their committed work . 
the drafting of a european charter of fundamental rights is an important and necessary step to a europe which is close to the citizens . 
some of it is uppfattningen that we can create a single market in europe , but to be on all fours on the fundamental values and principles . 
this opinion has never stötts of the majority in the european parliament . 
secondly , in the transparency for the citizens , who are now know what rights they have towards those who are therefore and creates the european right and , in transparency , to those who are doing precisely this culture , or incorporate european right . 
. - ( fr ) mr president , we have just had a both rich and interesting debate . 
i have taken note of naturligtvi. and it is very tillfredsställand. to the european parliament , in the large , unanimously , is nöjt with the charter . 
it is not förvånande because parliament has bidragit to it , and , since it is also some of parliament values . 
it provides a major force for this text and to the european council in order to promote it . 
i have taken note of your proposed and uppmuntran about to go further , to learn the benefit of the språng which skapats in order to take the agenda to nice . 
