shard_size = 0 shard_count = 0
Seeding random numbers with system clock 
name: case value: true
Data::m_score_type BLEU
Data::Scorer type from Scorer: BLEU
Loading Data from: run1.scores.dat and run1.features.dat
loading feature data from run1.features.dat
loading score data from run1.scores.dat
Loading Data from: run2.scores.dat and run2.features.dat
loading feature data from run2.features.dat
loading score data from run2.scores.dat
Loading Data from: run3.scores.dat and run3.features.dat
loading feature data from run3.features.dat
loading score data from run3.scores.dat
Loading Data from: run4.scores.dat and run4.features.dat
loading feature data from run4.features.dat
loading score data from run4.scores.dat
Data loaded : [Wall 1.31549 CPU 0.523815] seconds.
Creating a pool of 1 threads
Best point: 0.116291 0.144705 -0.456423 0.031045 0.0303103 0.0880212 0.0790733 0.0541318  => 0.224418
Stopping... : [Wall 57.4885 CPU 26.5261] seconds.
